#
# There is insufficient memory for the Java Runtime Environment to continue.
# Native memory allocation (malloc) failed to allocate 1020976 bytes for Chunk::new
# Possible reasons:
#   The system is out of physical RAM or swap space
#   The process is running with CompressedOops enabled, and the Java Heap may be blocking the growth of the native heap
# Possible solutions:
#   Reduce memory load on the system
#   Increase physical memory or swap space
#   Check if swap backing store is full
#   Decrease Java heap size (-Xmx/-Xms)
#   Decrease number of Java threads
#   Decrease Java thread stack sizes (-Xss)
#   Set larger code cache with -XX:ReservedCodeCacheSize=
#   JVM is running with Unscaled Compressed Oops mode in which the Java heap is
#     placed in the first 4GB address space. The Java Heap base address is the
#     maximum limit for the native heap growth. Please use -XX:HeapBaseMinAddress
#     to set the Java Heap base and to place the Java Heap above 4GB virtual address.
# This output file may be truncated or incomplete.
#
#  Out of Memory Error (src/hotspot/share/memory/arena.cpp:197), pid=12396, tid=5204
#
# JRE version: OpenJDK Runtime Environment (11.0.15) (build 11.0.15+0-b2043.56-9505619)
# Java VM: OpenJDK 64-Bit Server VM (11.0.15+0-b2043.56-9505619, mixed mode, tiered, compressed oops, g1 gc, windows-amd64)
# No core dump will be written. Minidumps are not enabled by default on client versions of Windows
#

---------------  S U M M A R Y ------------

Command Line: --add-opens=java.base/java.util=ALL-UNNAMED --add-opens=java.base/java.lang=ALL-UNNAMED --add-opens=java.base/java.lang.invoke=ALL-UNNAMED --add-opens=java.base/java.util=ALL-UNNAMED --add-opens=java.prefs/java.util.prefs=ALL-UNNAMED --add-opens=java.prefs/java.util.prefs=ALL-UNNAMED --add-opens=java.base/java.nio.charset=ALL-UNNAMED --add-opens=java.base/java.net=ALL-UNNAMED --add-opens=java.base/java.util.concurrent.atomic=ALL-UNNAMED -Xmx2048m -Dfile.encoding=UTF-8 -Duser.country=US -Duser.language=en -Duser.variant org.gradle.launcher.daemon.bootstrap.GradleDaemon 7.5

Host: Intel(R) Core(TM) i7-7700HQ CPU @ 2.80GHz, 8 cores, 15G,  Windows 10 , 64 bit Build 19041 (10.0.19041.3031)
Time: Mon Jun 26 23:14:49 2023 SE Asia Standard Time elapsed time: 7.715297 seconds (0d 0h 0m 7s)

---------------  T H R E A D  ---------------

Current thread (0x0000019d1b4aa800):  JavaThread "C2 CompilerThread0" daemon [_thread_in_native, id=5204, stack(0x0000006a27c00000,0x0000006a27d00000)]


Current CompileTask:
C2:   7715 5443       4       java.lang.invoke.MethodType::makeImpl (108 bytes)

Stack: [0x0000006a27c00000,0x0000006a27d00000]
Native frames: (J=compiled Java code, j=interpreted, Vv=VM code, C=native code)
V  [jvm.dll+0x64135a]
V  [jvm.dll+0x7d39f9]
V  [jvm.dll+0x7d51b9]
V  [jvm.dll+0x7d58a3]
V  [jvm.dll+0x2691c5]
V  [jvm.dll+0xc1a5c]
V  [jvm.dll+0xc200c]
V  [jvm.dll+0x377462]
V  [jvm.dll+0x342495]
V  [jvm.dll+0x34186a]
V  [jvm.dll+0x2214bd]
V  [jvm.dll+0x220498]
V  [jvm.dll+0x19e851]
V  [jvm.dll+0x230479]
V  [jvm.dll+0x22e5ef]
V  [jvm.dll+0x794de1]
V  [jvm.dll+0x78dc24]
V  [jvm.dll+0x6400f6]
C  [ucrtbase.dll+0x21bb2]
C  [KERNEL32.DLL+0x17614]
C  [ntdll.dll+0x526f1]


---------------  P R O C E S S  ---------------

Threads class SMR info:
_java_thread_list=0x0000019d1eb6dfc0, length=123, elements={
0x0000019d7c818000, 0x0000019d1b438000, 0x0000019d1b446000, 0x0000019d1b499800,
0x0000019d1b49c000, 0x0000019d1b49d800, 0x0000019d1b4aa800, 0x0000019d1b4b1000,
0x0000019d1b4b2000, 0x0000019d1b60b000, 0x0000019d1dd22000, 0x0000019d1dd1c800,
0x0000019d1dd1f800, 0x0000019d1dd20800, 0x0000019d1dd1d000, 0x0000019d1dd1f000,
0x0000019d1dd1e000, 0x0000019d1dd23000, 0x0000019d1dd21000, 0x0000019d1d807800,
0x0000019d1d805000, 0x0000019d1d804000, 0x0000019d1d806000, 0x0000019d1ec0d000,
0x0000019d1d809000, 0x0000019d1d80a000, 0x0000019d1d80a800, 0x0000019d1d80b800,
0x0000019d1d80c800, 0x0000019d1d806800, 0x0000019d1d80d000, 0x0000019d1d80e000,
0x0000019d1d808800, 0x0000019d1d812000, 0x0000019d1ec0b000, 0x0000019d1d811000,
0x0000019d1d813000, 0x0000019d20b3d000, 0x0000019d20b3a000, 0x0000019d20b38000,
0x0000019d20b39000, 0x0000019d20b3c000, 0x0000019d20b40800, 0x0000019d20b3b800,
0x0000019d20b3e000, 0x0000019d20b3e800, 0x0000019d20b3f800, 0x0000019d20b3a800,
0x0000019d20b46000, 0x0000019d20b43000, 0x0000019d20b47000, 0x0000019d20b45000,
0x0000019d20b41000, 0x0000019d20b42000, 0x0000019d20b43800, 0x0000019d20b44800,
0x0000019d2076f800, 0x0000019d2076d800, 0x0000019d20771800, 0x0000019d2076e800,
0x0000019d20771000, 0x0000019d20772800, 0x0000019d20770000, 0x0000019d2076d000,
0x0000019d20775000, 0x0000019d20779000, 0x0000019d20777800, 0x0000019d20773800,
0x0000019d20776000, 0x0000019d20778800, 0x0000019d2077a000, 0x0000019d20776800,
0x0000019d20774000, 0x0000019d2077a800, 0x0000019d2077b800, 0x0000019d20b49000,
0x0000019d20b4c000, 0x0000019d20b4d000, 0x0000019d20b4e000, 0x0000019d20b4b800,
0x0000019d20b48000, 0x0000019d20b4e800, 0x0000019d20b4f800, 0x0000019d20b4a800,
0x0000019d20b4a000, 0x0000019d20b56000, 0x0000019d20b53000, 0x0000019d20b51000,
0x0000019d20b54800, 0x0000019d20b53800, 0x0000019d20b52000, 0x0000019d20b55000,
0x0000019d20b50800, 0x0000019d20b57000, 0x0000019d2082f000, 0x0000019d20831800,
0x0000019d20833800, 0x0000019d2082e000, 0x0000019d20833000, 0x0000019d20834800,
0x0000019d20832000, 0x0000019d20830800, 0x0000019d20835800, 0x0000019d2082f800,
0x0000019d2083c000, 0x0000019d20837000, 0x0000019d20838800, 0x0000019d20838000,
0x0000019d20839800, 0x0000019d2083a000, 0x0000019d2083b000, 0x0000019d20836000,
0x0000019d2083c800, 0x0000019d1dd2c000, 0x0000019d1dd2a800, 0x0000019d1dd29800,
0x0000019d1dd28000, 0x0000019d1dd29000, 0x0000019d1dd2b800, 0x0000019d1dd26800,
0x0000019d1dd2d000, 0x0000019d1dd27000, 0x0000019d1dd32800
}

Java Threads: ( => current thread )
  0x0000019d7c818000 JavaThread "main" [_thread_blocked, id=5892, stack(0x0000006a27000000,0x0000006a27100000)]
  0x0000019d1b438000 JavaThread "Reference Handler" daemon [_thread_blocked, id=12760, stack(0x0000006a27700000,0x0000006a27800000)]
  0x0000019d1b446000 JavaThread "Finalizer" daemon [_thread_blocked, id=20584, stack(0x0000006a27800000,0x0000006a27900000)]
  0x0000019d1b499800 JavaThread "Signal Dispatcher" daemon [_thread_blocked, id=280, stack(0x0000006a27900000,0x0000006a27a00000)]
  0x0000019d1b49c000 JavaThread "Attach Listener" daemon [_thread_blocked, id=9620, stack(0x0000006a27a00000,0x0000006a27b00000)]
  0x0000019d1b49d800 JavaThread "Service Thread" daemon [_thread_blocked, id=5296, stack(0x0000006a27b00000,0x0000006a27c00000)]
=>0x0000019d1b4aa800 JavaThread "C2 CompilerThread0" daemon [_thread_in_native, id=5204, stack(0x0000006a27c00000,0x0000006a27d00000)]
  0x0000019d1b4b1000 JavaThread "C1 CompilerThread0" daemon [_thread_blocked, id=18148, stack(0x0000006a27d00000,0x0000006a27e00000)]
  0x0000019d1b4b2000 JavaThread "Sweeper thread" daemon [_thread_blocked, id=11048, stack(0x0000006a27e00000,0x0000006a27f00000)]
  0x0000019d1b60b000 JavaThread "Common-Cleaner" daemon [_thread_blocked, id=10372, stack(0x0000006a27f00000,0x0000006a28000000)]
  0x0000019d1dd22000 JavaThread "Daemon health stats" [_thread_blocked, id=10868, stack(0x0000006a28800000,0x0000006a28900000)]
  0x0000019d1dd1c800 JavaThread "Incoming local TCP Connector on port 51871" [_thread_in_native, id=20928, stack(0x0000006a28100000,0x0000006a28200000)]
  0x0000019d1dd1f800 JavaThread "Daemon periodic checks" [_thread_blocked, id=13700, stack(0x0000006a28200000,0x0000006a28300000)]
  0x0000019d1dd20800 JavaThread "Daemon" [_thread_blocked, id=1920, stack(0x0000006a28900000,0x0000006a28a00000)]
  0x0000019d1dd1d000 JavaThread "Handler for socket connection from /127.0.0.1:51871 to /127.0.0.1:51872" [_thread_in_native, id=9536, stack(0x0000006a28a00000,0x0000006a28b00000)]
  0x0000019d1dd1f000 JavaThread "Cancel handler" [_thread_blocked, id=15344, stack(0x0000006a28b00000,0x0000006a28c00000)]
  0x0000019d1dd1e000 JavaThread "Daemon worker" [_thread_in_Java, id=2512, stack(0x0000006a28c00000,0x0000006a28d00000)]
  0x0000019d1dd23000 JavaThread "Asynchronous log dispatcher for DefaultDaemonConnection: socket connection from /127.0.0.1:51871 to /127.0.0.1:51872" [_thread_blocked, id=15648, stack(0x0000006a28d00000,0x0000006a28e00000)]
  0x0000019d1dd21000 JavaThread "Stdin handler" [_thread_blocked, id=13572, stack(0x0000006a28e00000,0x0000006a28f00000)]
  0x0000019d1d807800 JavaThread "Daemon client event forwarder" [_thread_blocked, id=22564, stack(0x0000006a28f00000,0x0000006a29000000)]
  0x0000019d1d805000 JavaThread "Cache worker for journal cache (C:\Users\tamgi\.gradle\caches\journal-1)" [_thread_blocked, id=10236, stack(0x0000006a29000000,0x0000006a29100000)]
  0x0000019d1d804000 JavaThread "File lock request listener" [_thread_in_native, id=20156, stack(0x0000006a29100000,0x0000006a29200000)]
  0x0000019d1d806000 JavaThread "Cache worker for file hash cache (C:\Users\tamgi\.gradle\caches\7.5\fileHashes)" [_thread_blocked, id=13720, stack(0x0000006a29200000,0x0000006a29300000)]
  0x0000019d1ec0d000 JavaThread "C2 CompilerThread1" daemon [_thread_blocked, id=10096, stack(0x0000006a29600000,0x0000006a29700000)]
  0x0000019d1d809000 JavaThread "File watcher server" daemon [_thread_in_native, id=3200, stack(0x0000006a29800000,0x0000006a29900000)]
  0x0000019d1d80a000 JavaThread "File watcher consumer" daemon [_thread_blocked, id=8280, stack(0x0000006a29900000,0x0000006a29a00000)]
  0x0000019d1d80a800 JavaThread "Cache worker for checksums cache (D:\Project\TeleChat\.gradle\7.5\checksums)" [_thread_blocked, id=2940, stack(0x0000006a29a00000,0x0000006a29b00000)]
  0x0000019d1d80b800 JavaThread "Cache worker for cache directory md-rule (C:\Users\tamgi\.gradle\caches\7.5\md-rule)" [_thread_blocked, id=12592, stack(0x0000006a29b00000,0x0000006a29c00000)]
  0x0000019d1d80c800 JavaThread "Cache worker for file content cache (C:\Users\tamgi\.gradle\caches\7.5\fileContent)" [_thread_blocked, id=2312, stack(0x0000006a29c00000,0x0000006a29d00000)]
  0x0000019d1d806800 JavaThread "Cache worker for file hash cache (D:\Project\TeleChat\.gradle\7.5\fileHashes)" [_thread_blocked, id=18964, stack(0x0000006a29d00000,0x0000006a29e00000)]
  0x0000019d1d80d000 JavaThread "Cache worker for cache directory md-supplier (C:\Users\tamgi\.gradle\caches\7.5\md-supplier)" [_thread_blocked, id=21168, stack(0x0000006a29e00000,0x0000006a29f00000)]
  0x0000019d1d80e000 JavaThread "Cache worker for execution history cache (C:\Users\tamgi\.gradle\caches\7.5\executionHistory)" [_thread_blocked, id=8524, stack(0x0000006a29f00000,0x0000006a2a000000)]
  0x0000019d1d808800 JavaThread "jar transforms" [_thread_blocked, id=2996, stack(0x0000006a29700000,0x0000006a29800000)]
  0x0000019d1d812000 JavaThread "jar transforms Thread 2" [_thread_blocked, id=16624, stack(0x0000006a2a000000,0x0000006a2a100000)]
  0x0000019d1ec0b000 JavaThread "C2 CompilerThread2" daemon [_thread_blocked, id=14904, stack(0x0000006a2a100000,0x0000006a2a200000)]
  0x0000019d1d811000 JavaThread "jar transforms Thread 3" [_thread_blocked, id=21648, stack(0x0000006a2a200000,0x0000006a2a300000)]
  0x0000019d1d813000 JavaThread "jar transforms Thread 4" [_thread_blocked, id=11888, stack(0x0000006a2a300000,0x0000006a2a400000)]
  0x0000019d20b3d000 JavaThread "Cache worker for dependencies-accessors (D:\Project\TeleChat\.gradle\7.5\dependencies-accessors)" [_thread_blocked, id=13528, stack(0x0000006a2a400000,0x0000006a2a500000)]
  0x0000019d20b3a000 JavaThread "jar transforms Thread 5" [_thread_blocked, id=15748, stack(0x0000006a2a500000,0x0000006a2a600000)]
  0x0000019d20b38000 JavaThread "Cache worker for Build Output Cleanup Cache (D:\Project\TeleChat\.gradle\buildOutputCleanup)" [_thread_blocked, id=9600, stack(0x0000006a2a600000,0x0000006a2a700000)]
  0x0000019d20b39000 JavaThread "Unconstrained build operations" [_thread_blocked, id=20428, stack(0x0000006a2a700000,0x0000006a2a800000)]
  0x0000019d20b3c000 JavaThread "Unconstrained build operations Thread 2" [_thread_blocked, id=12796, stack(0x0000006a2a800000,0x0000006a2a900000)]
  0x0000019d20b40800 JavaThread "Unconstrained build operations Thread 3" [_thread_blocked, id=11884, stack(0x0000006a2a900000,0x0000006a2aa00000)]
  0x0000019d20b3b800 JavaThread "Unconstrained build operations Thread 4" [_thread_blocked, id=16400, stack(0x0000006a2aa00000,0x0000006a2ab00000)]
  0x0000019d20b3e000 JavaThread "Unconstrained build operations Thread 5" [_thread_blocked, id=13140, stack(0x0000006a2ab00000,0x0000006a2ac00000)]
  0x0000019d20b3e800 JavaThread "Unconstrained build operations Thread 6" [_thread_blocked, id=9920, stack(0x0000006a2ac00000,0x0000006a2ad00000)]
  0x0000019d20b3f800 JavaThread "Unconstrained build operations Thread 7" [_thread_blocked, id=6804, stack(0x0000006a2ad00000,0x0000006a2ae00000)]
  0x0000019d20b3a800 JavaThread "Unconstrained build operations Thread 8" [_thread_blocked, id=8480, stack(0x0000006a2ae00000,0x0000006a2af00000)]
  0x0000019d20b46000 JavaThread "Unconstrained build operations Thread 9" [_thread_blocked, id=12268, stack(0x0000006a2af00000,0x0000006a2b000000)]
  0x0000019d20b43000 JavaThread "Unconstrained build operations Thread 10" [_thread_blocked, id=21888, stack(0x0000006a2b000000,0x0000006a2b100000)]
  0x0000019d20b47000 JavaThread "Unconstrained build operations Thread 11" [_thread_blocked, id=17156, stack(0x0000006a2b100000,0x0000006a2b200000)]
  0x0000019d20b45000 JavaThread "Unconstrained build operations Thread 12" [_thread_blocked, id=404, stack(0x0000006a2b200000,0x0000006a2b300000)]
  0x0000019d20b41000 JavaThread "Unconstrained build operations Thread 13" [_thread_blocked, id=9380, stack(0x0000006a2b300000,0x0000006a2b400000)]
  0x0000019d20b42000 JavaThread "Unconstrained build operations Thread 14" [_thread_blocked, id=19476, stack(0x0000006a2b400000,0x0000006a2b500000)]
  0x0000019d20b43800 JavaThread "Unconstrained build operations Thread 15" [_thread_blocked, id=18464, stack(0x0000006a2b500000,0x0000006a2b600000)]
  0x0000019d20b44800 JavaThread "Unconstrained build operations Thread 16" [_thread_blocked, id=17560, stack(0x0000006a2b600000,0x0000006a2b700000)]
  0x0000019d2076f800 JavaThread "Unconstrained build operations Thread 17" [_thread_blocked, id=17200, stack(0x0000006a2b700000,0x0000006a2b800000)]
  0x0000019d2076d800 JavaThread "Unconstrained build operations Thread 18" [_thread_blocked, id=12344, stack(0x0000006a2b800000,0x0000006a2b900000)]
  0x0000019d20771800 JavaThread "Unconstrained build operations Thread 19" [_thread_blocked, id=11480, stack(0x0000006a2b900000,0x0000006a2ba00000)]
  0x0000019d2076e800 JavaThread "Unconstrained build operations Thread 20" [_thread_blocked, id=11868, stack(0x0000006a2ba00000,0x0000006a2bb00000)]
  0x0000019d20771000 JavaThread "Unconstrained build operations Thread 21" [_thread_blocked, id=17068, stack(0x0000006a2bb00000,0x0000006a2bc00000)]
  0x0000019d20772800 JavaThread "Unconstrained build operations Thread 22" [_thread_blocked, id=22336, stack(0x0000006a2bc00000,0x0000006a2bd00000)]
  0x0000019d20770000 JavaThread "Unconstrained build operations Thread 23" [_thread_blocked, id=1160, stack(0x0000006a2bd00000,0x0000006a2be00000)]
  0x0000019d2076d000 JavaThread "Unconstrained build operations Thread 24" [_thread_blocked, id=16708, stack(0x0000006a2be00000,0x0000006a2bf00000)]
  0x0000019d20775000 JavaThread "Unconstrained build operations Thread 25" [_thread_blocked, id=17956, stack(0x0000006a2bf00000,0x0000006a2c000000)]
  0x0000019d20779000 JavaThread "Unconstrained build operations Thread 26" [_thread_blocked, id=20912, stack(0x0000006a2c000000,0x0000006a2c100000)]
  0x0000019d20777800 JavaThread "Unconstrained build operations Thread 27" [_thread_blocked, id=10888, stack(0x0000006a2c100000,0x0000006a2c200000)]
  0x0000019d20773800 JavaThread "Unconstrained build operations Thread 28" [_thread_blocked, id=15408, stack(0x0000006a2c200000,0x0000006a2c300000)]
  0x0000019d20776000 JavaThread "Unconstrained build operations Thread 29" [_thread_blocked, id=11708, stack(0x0000006a2c300000,0x0000006a2c400000)]
  0x0000019d20778800 JavaThread "Unconstrained build operations Thread 30" [_thread_blocked, id=7912, stack(0x0000006a2c400000,0x0000006a2c500000)]
  0x0000019d2077a000 JavaThread "Unconstrained build operations Thread 31" [_thread_blocked, id=13900, stack(0x0000006a2c500000,0x0000006a2c600000)]
  0x0000019d20776800 JavaThread "Unconstrained build operations Thread 32" [_thread_blocked, id=21120, stack(0x0000006a2c600000,0x0000006a2c700000)]
  0x0000019d20774000 JavaThread "Unconstrained build operations Thread 33" [_thread_blocked, id=11792, stack(0x0000006a2c700000,0x0000006a2c800000)]
  0x0000019d2077a800 JavaThread "Unconstrained build operations Thread 34" [_thread_blocked, id=2824, stack(0x0000006a2c800000,0x0000006a2c900000)]
  0x0000019d2077b800 JavaThread "Unconstrained build operations Thread 35" [_thread_blocked, id=16532, stack(0x0000006a2c900000,0x0000006a2ca00000)]
  0x0000019d20b49000 JavaThread "Unconstrained build operations Thread 36" [_thread_blocked, id=5996, stack(0x0000006a2ca00000,0x0000006a2cb00000)]
  0x0000019d20b4c000 JavaThread "Unconstrained build operations Thread 37" [_thread_blocked, id=12916, stack(0x0000006a2cb00000,0x0000006a2cc00000)]
  0x0000019d20b4d000 JavaThread "Unconstrained build operations Thread 38" [_thread_blocked, id=18936, stack(0x0000006a2cc00000,0x0000006a2cd00000)]
  0x0000019d20b4e000 JavaThread "Unconstrained build operations Thread 39" [_thread_blocked, id=3276, stack(0x0000006a2cd00000,0x0000006a2ce00000)]
  0x0000019d20b4b800 JavaThread "Unconstrained build operations Thread 40" [_thread_blocked, id=18612, stack(0x0000006a2ce00000,0x0000006a2cf00000)]
  0x0000019d20b48000 JavaThread "Unconstrained build operations Thread 41" [_thread_blocked, id=10220, stack(0x0000006a2cf00000,0x0000006a2d000000)]
  0x0000019d20b4e800 JavaThread "Unconstrained build operations Thread 42" [_thread_blocked, id=11776, stack(0x0000006a2d000000,0x0000006a2d100000)]
  0x0000019d20b4f800 JavaThread "Unconstrained build operations Thread 43" [_thread_blocked, id=21064, stack(0x0000006a2d100000,0x0000006a2d200000)]
  0x0000019d20b4a800 JavaThread "Unconstrained build operations Thread 44" [_thread_blocked, id=13880, stack(0x0000006a2d200000,0x0000006a2d300000)]
  0x0000019d20b4a000 JavaThread "Unconstrained build operations Thread 45" [_thread_blocked, id=9424, stack(0x0000006a2d300000,0x0000006a2d400000)]
  0x0000019d20b56000 JavaThread "Unconstrained build operations Thread 46" [_thread_blocked, id=22020, stack(0x0000006a2d400000,0x0000006a2d500000)]
  0x0000019d20b53000 JavaThread "Unconstrained build operations Thread 47" [_thread_blocked, id=22552, stack(0x0000006a2d500000,0x0000006a2d600000)]
  0x0000019d20b51000 JavaThread "Unconstrained build operations Thread 48" [_thread_blocked, id=23108, stack(0x0000006a2d600000,0x0000006a2d700000)]
  0x0000019d20b54800 JavaThread "Unconstrained build operations Thread 49" [_thread_blocked, id=5608, stack(0x0000006a2d700000,0x0000006a2d800000)]
  0x0000019d20b53800 JavaThread "Unconstrained build operations Thread 50" [_thread_blocked, id=8536, stack(0x0000006a2d800000,0x0000006a2d900000)]
  0x0000019d20b52000 JavaThread "Unconstrained build operations Thread 51" [_thread_blocked, id=8748, stack(0x0000006a2d900000,0x0000006a2da00000)]
  0x0000019d20b55000 JavaThread "Unconstrained build operations Thread 52" [_thread_blocked, id=17024, stack(0x0000006a2da00000,0x0000006a2db00000)]
  0x0000019d20b50800 JavaThread "Unconstrained build operations Thread 53" [_thread_blocked, id=18220, stack(0x0000006a2db00000,0x0000006a2dc00000)]
  0x0000019d20b57000 JavaThread "Unconstrained build operations Thread 54" [_thread_blocked, id=23088, stack(0x0000006a2dc00000,0x0000006a2dd00000)]
  0x0000019d2082f000 JavaThread "Unconstrained build operations Thread 55" [_thread_blocked, id=12476, stack(0x0000006a2dd00000,0x0000006a2de00000)]
  0x0000019d20831800 JavaThread "Unconstrained build operations Thread 56" [_thread_blocked, id=4860, stack(0x0000006a2de00000,0x0000006a2df00000)]
  0x0000019d20833800 JavaThread "Unconstrained build operations Thread 57" [_thread_blocked, id=3716, stack(0x0000006a2df00000,0x0000006a2e000000)]
  0x0000019d2082e000 JavaThread "Unconstrained build operations Thread 58" [_thread_blocked, id=9008, stack(0x0000006a2e000000,0x0000006a2e100000)]
  0x0000019d20833000 JavaThread "Unconstrained build operations Thread 59" [_thread_blocked, id=5520, stack(0x0000006a2e100000,0x0000006a2e200000)]
  0x0000019d20834800 JavaThread "Unconstrained build operations Thread 60" [_thread_blocked, id=21712, stack(0x0000006a2e200000,0x0000006a2e300000)]
  0x0000019d20832000 JavaThread "Unconstrained build operations Thread 61" [_thread_blocked, id=7772, stack(0x0000006a2e300000,0x0000006a2e400000)]
  0x0000019d20830800 JavaThread "Unconstrained build operations Thread 62" [_thread_blocked, id=436, stack(0x0000006a2e400000,0x0000006a2e500000)]
  0x0000019d20835800 JavaThread "Unconstrained build operations Thread 63" [_thread_blocked, id=13864, stack(0x0000006a2e500000,0x0000006a2e600000)]
  0x0000019d2082f800 JavaThread "Unconstrained build operations Thread 64" [_thread_blocked, id=19716, stack(0x0000006a2e600000,0x0000006a2e700000)]
  0x0000019d2083c000 JavaThread "Unconstrained build operations Thread 65" [_thread_blocked, id=12600, stack(0x0000006a2e700000,0x0000006a2e800000)]
  0x0000019d20837000 JavaThread "Unconstrained build operations Thread 66" [_thread_blocked, id=3012, stack(0x0000006a2e800000,0x0000006a2e900000)]
  0x0000019d20838800 JavaThread "Unconstrained build operations Thread 67" [_thread_blocked, id=6648, stack(0x0000006a2e900000,0x0000006a2ea00000)]
  0x0000019d20838000 JavaThread "Unconstrained build operations Thread 68" [_thread_blocked, id=13936, stack(0x0000006a2ea00000,0x0000006a2eb00000)]
  0x0000019d20839800 JavaThread "Unconstrained build operations Thread 69" [_thread_blocked, id=12488, stack(0x0000006a2eb00000,0x0000006a2ec00000)]
  0x0000019d2083a000 JavaThread "Unconstrained build operations Thread 70" [_thread_blocked, id=7356, stack(0x0000006a2ec00000,0x0000006a2ed00000)]
  0x0000019d2083b000 JavaThread "Unconstrained build operations Thread 71" [_thread_blocked, id=2808, stack(0x0000006a2ed00000,0x0000006a2ee00000)]
  0x0000019d20836000 JavaThread "Unconstrained build operations Thread 72" [_thread_blocked, id=9588, stack(0x0000006a2ee00000,0x0000006a2ef00000)]
  0x0000019d2083c800 JavaThread "Unconstrained build operations Thread 73" [_thread_blocked, id=15880, stack(0x0000006a2ef00000,0x0000006a2f000000)]
  0x0000019d1dd2c000 JavaThread "Unconstrained build operations Thread 74" [_thread_blocked, id=4180, stack(0x0000006a2f000000,0x0000006a2f100000)]
  0x0000019d1dd2a800 JavaThread "Unconstrained build operations Thread 75" [_thread_blocked, id=22672, stack(0x0000006a2f100000,0x0000006a2f200000)]
  0x0000019d1dd29800 JavaThread "Unconstrained build operations Thread 76" [_thread_blocked, id=21384, stack(0x0000006a2f200000,0x0000006a2f300000)]
  0x0000019d1dd28000 JavaThread "Unconstrained build operations Thread 77" [_thread_blocked, id=16740, stack(0x0000006a2f300000,0x0000006a2f400000)]
  0x0000019d1dd29000 JavaThread "Unconstrained build operations Thread 78" [_thread_blocked, id=18212, stack(0x0000006a2f400000,0x0000006a2f500000)]
  0x0000019d1dd2b800 JavaThread "Unconstrained build operations Thread 79" [_thread_blocked, id=9100, stack(0x0000006a2f500000,0x0000006a2f600000)]
  0x0000019d1dd26800 JavaThread "Unconstrained build operations Thread 80" [_thread_blocked, id=8980, stack(0x0000006a2f600000,0x0000006a2f700000)]
  0x0000019d1dd2d000 JavaThread "jar transforms Thread 6" [_thread_blocked, id=15508, stack(0x0000006a2f700000,0x0000006a2f800000)]
  0x0000019d1dd27000 JavaThread "jar transforms Thread 7" [_thread_blocked, id=7072, stack(0x0000006a2f800000,0x0000006a2f900000)]
  0x0000019d1dd32800 JavaThread "jar transforms Thread 8" [_thread_blocked, id=14856, stack(0x0000006a2f900000,0x0000006a2fa00000)]

Other Threads:
  0x0000019d1b436000 VMThread "VM Thread" [stack: 0x0000006a27600000,0x0000006a27700000] [id=19852]
  0x0000019d1b62b800 WatcherThread [stack: 0x0000006a28000000,0x0000006a28100000] [id=17224]
  0x0000019d7c82d000 GCTaskThread "GC Thread#0" [stack: 0x0000006a27100000,0x0000006a27200000] [id=7332]
  0x0000019d1c2a9800 GCTaskThread "GC Thread#1" [stack: 0x0000006a28300000,0x0000006a28400000] [id=16056]
  0x0000019d1c561000 GCTaskThread "GC Thread#2" [stack: 0x0000006a28400000,0x0000006a28500000] [id=7064]
  0x0000019d1c97c000 GCTaskThread "GC Thread#3" [stack: 0x0000006a28500000,0x0000006a28600000] [id=19556]
  0x0000019d1c637800 GCTaskThread "GC Thread#4" [stack: 0x0000006a28600000,0x0000006a28700000] [id=17416]
  0x0000019d1cb83000 GCTaskThread "GC Thread#5" [stack: 0x0000006a28700000,0x0000006a28800000] [id=8968]
  0x0000019d1cb80800 GCTaskThread "GC Thread#6" [stack: 0x0000006a29300000,0x0000006a29400000] [id=10604]
  0x0000019d1cb7f800 GCTaskThread "GC Thread#7" [stack: 0x0000006a29400000,0x0000006a29500000] [id=18988]
  0x0000019d7c860000 ConcurrentGCThread "G1 Main Marker" [stack: 0x0000006a27200000,0x0000006a27300000] [id=19876]
  0x0000019d7c861800 ConcurrentGCThread "G1 Conc#0" [stack: 0x0000006a27300000,0x0000006a27400000] [id=3568]
  0x0000019d1cb7e000 ConcurrentGCThread "G1 Conc#1" [stack: 0x0000006a29500000,0x0000006a29600000] [id=19784]
  0x0000019d7c8ee000 ConcurrentGCThread "G1 Refine#0" [stack: 0x0000006a27400000,0x0000006a27500000] [id=15124]
  0x0000019d1aa83000 ConcurrentGCThread "G1 Young RemSet Sampling" [stack: 0x0000006a27500000,0x0000006a27600000] [id=15900]

Threads with active compile tasks:
C2 CompilerThread0     7753 5443       4       java.lang.invoke.MethodType::makeImpl (108 bytes)

VM state:not at safepoint (normal execution)

VM Mutex/Monitor currently owned by a thread: None

Heap address: 0x0000000080000000, size: 2048 MB, Compressed Oops mode: 32-bit
Narrow klass base: 0x0000000000000000, Narrow klass shift: 3
Compressed class space size: 1073741824 Address: 0x0000000100000000

Heap:
 garbage-first heap   total 260096K, used 150297K [0x0000000080000000, 0x0000000100000000)
  region size 1024K, 127 young (130048K), 14 survivors (14336K)
 Metaspace       used 49791K, capacity 51198K, committed 51356K, reserved 1093632K
  class space    used 6324K, capacity 6855K, committed 6936K, reserved 1048576K
Heap Regions: E=young(eden), S=young(survivor), O=old, HS=humongous(starts), HC=humongous(continues), CS=collection set, F=free, A=archive, TAMS=top-at-mark-start (previous, next)
|   0|0x0000000080000000, 0x0000000080100000, 0x0000000080100000|100%| O|  |TAMS 0x0000000080100000, 0x0000000080000000| Untracked 
|   1|0x0000000080100000, 0x0000000080200000, 0x0000000080200000|100%| O|  |TAMS 0x0000000080200000, 0x0000000080100000| Untracked 
|   2|0x0000000080200000, 0x0000000080300000, 0x0000000080300000|100%| O|  |TAMS 0x0000000080300000, 0x0000000080200000| Untracked 
|   3|0x0000000080300000, 0x0000000080400000, 0x0000000080400000|100%|HS|  |TAMS 0x0000000080400000, 0x0000000080300000| Complete 
|   4|0x0000000080400000, 0x0000000080500000, 0x0000000080500000|100%|HC|  |TAMS 0x0000000080500000, 0x0000000080400000| Complete 
|   5|0x0000000080500000, 0x0000000080600000, 0x0000000080600000|100%|HC|  |TAMS 0x0000000080600000, 0x0000000080500000| Complete 
|   6|0x0000000080600000, 0x0000000080700000, 0x0000000080700000|100%| O|  |TAMS 0x0000000080700000, 0x0000000080600000| Untracked 
|   7|0x0000000080700000, 0x0000000080800000, 0x0000000080800000|100%| O|  |TAMS 0x0000000080800000, 0x0000000080700000| Untracked 
|   8|0x0000000080800000, 0x0000000080900000, 0x0000000080900000|100%| O|  |TAMS 0x0000000080900000, 0x0000000080800000| Untracked 
|   9|0x0000000080900000, 0x0000000080a00000, 0x0000000080a00000|100%| O|  |TAMS 0x0000000080a00000, 0x0000000080900000| Untracked 
|  10|0x0000000080a00000, 0x0000000080b00000, 0x0000000080b00000|100%| O|  |TAMS 0x0000000080b00000, 0x0000000080a00000| Untracked 
|  11|0x0000000080b00000, 0x0000000080c00000, 0x0000000080c00000|100%| O|  |TAMS 0x0000000080c00000, 0x0000000080b00000| Untracked 
|  12|0x0000000080c00000, 0x0000000080d00000, 0x0000000080d00000|100%| O|  |TAMS 0x0000000080d00000, 0x0000000080c00000| Untracked 
|  13|0x0000000080d00000, 0x0000000080e00000, 0x0000000080e00000|100%| O|  |TAMS 0x0000000080e00000, 0x0000000080d00000| Untracked 
|  14|0x0000000080e00000, 0x0000000080f00000, 0x0000000080f00000|100%| O|  |TAMS 0x0000000080f00000, 0x0000000080e00000| Untracked 
|  15|0x0000000080f00000, 0x0000000080ff8a00, 0x0000000081000000| 97%| O|  |TAMS 0x0000000080ff8a00, 0x0000000080f00000| Untracked 
|  16|0x0000000081000000, 0x0000000081100000, 0x0000000081100000|100%|HS|  |TAMS 0x0000000081000000, 0x0000000081000000| Complete 
|  17|0x0000000081100000, 0x0000000081200000, 0x0000000081200000|100%|HS|  |TAMS 0x0000000081100000, 0x0000000081100000| Complete 
|  18|0x0000000081200000, 0x0000000081300000, 0x0000000081300000|100%|HS|  |TAMS 0x0000000081200000, 0x0000000081200000| Complete 
|  19|0x0000000081300000, 0x0000000081400000, 0x0000000081400000|100%|HS|  |TAMS 0x0000000081300000, 0x0000000081300000| Complete 
|  20|0x0000000081400000, 0x0000000081500000, 0x0000000081500000|100%|HC|  |TAMS 0x0000000081400000, 0x0000000081400000| Complete 
|  21|0x0000000081500000, 0x0000000081600000, 0x0000000081600000|100%|HC|  |TAMS 0x0000000081500000, 0x0000000081500000| Complete 
|  22|0x0000000081600000, 0x0000000081600000, 0x0000000081700000|  0%| F|  |TAMS 0x0000000081600000, 0x0000000081600000| Untracked 
|  23|0x0000000081700000, 0x0000000081700000, 0x0000000081800000|  0%| F|  |TAMS 0x0000000081700000, 0x0000000081700000| Untracked 
|  24|0x0000000081800000, 0x0000000081800000, 0x0000000081900000|  0%| F|  |TAMS 0x0000000081800000, 0x0000000081800000| Untracked 
|  25|0x0000000081900000, 0x0000000081900000, 0x0000000081a00000|  0%| F|  |TAMS 0x0000000081900000, 0x0000000081900000| Untracked 
|  26|0x0000000081a00000, 0x0000000081a00000, 0x0000000081b00000|  0%| F|  |TAMS 0x0000000081a00000, 0x0000000081a00000| Untracked 
|  27|0x0000000081b00000, 0x0000000081b00000, 0x0000000081c00000|  0%| F|  |TAMS 0x0000000081b00000, 0x0000000081b00000| Untracked 
|  28|0x0000000081c00000, 0x0000000081c00000, 0x0000000081d00000|  0%| F|  |TAMS 0x0000000081c00000, 0x0000000081c00000| Untracked 
|  29|0x0000000081d00000, 0x0000000081d00000, 0x0000000081e00000|  0%| F|  |TAMS 0x0000000081d00000, 0x0000000081d00000| Untracked 
|  30|0x0000000081e00000, 0x0000000081e00000, 0x0000000081f00000|  0%| F|  |TAMS 0x0000000081e00000, 0x0000000081e00000| Untracked 
|  31|0x0000000081f00000, 0x0000000081f00000, 0x0000000082000000|  0%| F|  |TAMS 0x0000000081f00000, 0x0000000081f00000| Untracked 
|  32|0x0000000082000000, 0x0000000082000000, 0x0000000082100000|  0%| F|  |TAMS 0x0000000082000000, 0x0000000082000000| Untracked 
|  33|0x0000000082100000, 0x0000000082100000, 0x0000000082200000|  0%| F|  |TAMS 0x0000000082100000, 0x0000000082100000| Untracked 
|  34|0x0000000082200000, 0x0000000082200000, 0x0000000082300000|  0%| F|  |TAMS 0x0000000082200000, 0x0000000082200000| Untracked 
|  35|0x0000000082300000, 0x0000000082300000, 0x0000000082400000|  0%| F|  |TAMS 0x0000000082300000, 0x0000000082300000| Untracked 
|  36|0x0000000082400000, 0x0000000082400000, 0x0000000082500000|  0%| F|  |TAMS 0x0000000082400000, 0x0000000082400000| Untracked 
|  37|0x0000000082500000, 0x0000000082500000, 0x0000000082600000|  0%| F|  |TAMS 0x0000000082500000, 0x0000000082500000| Untracked 
|  38|0x0000000082600000, 0x0000000082600000, 0x0000000082700000|  0%| F|  |TAMS 0x0000000082600000, 0x0000000082600000| Untracked 
|  39|0x0000000082700000, 0x0000000082700000, 0x0000000082800000|  0%| F|  |TAMS 0x0000000082700000, 0x0000000082700000| Untracked 
|  40|0x0000000082800000, 0x0000000082800000, 0x0000000082900000|  0%| F|  |TAMS 0x0000000082800000, 0x0000000082800000| Untracked 
|  41|0x0000000082900000, 0x0000000082900000, 0x0000000082a00000|  0%| F|  |TAMS 0x0000000082900000, 0x0000000082900000| Untracked 
|  42|0x0000000082a00000, 0x0000000082a00000, 0x0000000082b00000|  0%| F|  |TAMS 0x0000000082a00000, 0x0000000082a00000| Untracked 
|  43|0x0000000082b00000, 0x0000000082b00000, 0x0000000082c00000|  0%| F|  |TAMS 0x0000000082b00000, 0x0000000082b00000| Untracked 
|  44|0x0000000082c00000, 0x0000000082c00000, 0x0000000082d00000|  0%| F|  |TAMS 0x0000000082c00000, 0x0000000082c00000| Untracked 
|  45|0x0000000082d00000, 0x0000000082d00000, 0x0000000082e00000|  0%| F|  |TAMS 0x0000000082d00000, 0x0000000082d00000| Untracked 
|  46|0x0000000082e00000, 0x0000000082e00000, 0x0000000082f00000|  0%| F|  |TAMS 0x0000000082e00000, 0x0000000082e00000| Untracked 
|  47|0x0000000082f00000, 0x0000000082f00000, 0x0000000083000000|  0%| F|  |TAMS 0x0000000082f00000, 0x0000000082f00000| Untracked 
|  48|0x0000000083000000, 0x0000000083000000, 0x0000000083100000|  0%| F|  |TAMS 0x0000000083000000, 0x0000000083000000| Untracked 
|  49|0x0000000083100000, 0x0000000083100000, 0x0000000083200000|  0%| F|  |TAMS 0x0000000083100000, 0x0000000083100000| Untracked 
|  50|0x0000000083200000, 0x0000000083200000, 0x0000000083300000|  0%| F|  |TAMS 0x0000000083200000, 0x0000000083200000| Untracked 
|  51|0x0000000083300000, 0x0000000083300000, 0x0000000083400000|  0%| F|  |TAMS 0x0000000083300000, 0x0000000083300000| Untracked 
|  52|0x0000000083400000, 0x0000000083400000, 0x0000000083500000|  0%| F|  |TAMS 0x0000000083400000, 0x0000000083400000| Untracked 
|  53|0x0000000083500000, 0x0000000083500000, 0x0000000083600000|  0%| F|  |TAMS 0x0000000083500000, 0x0000000083500000| Untracked 
|  54|0x0000000083600000, 0x0000000083600000, 0x0000000083700000|  0%| F|  |TAMS 0x0000000083600000, 0x0000000083600000| Untracked 
|  55|0x0000000083700000, 0x0000000083700000, 0x0000000083800000|  0%| F|  |TAMS 0x0000000083700000, 0x0000000083700000| Untracked 
|  56|0x0000000083800000, 0x0000000083800000, 0x0000000083900000|  0%| F|  |TAMS 0x0000000083800000, 0x0000000083800000| Untracked 
|  57|0x0000000083900000, 0x0000000083900000, 0x0000000083a00000|  0%| F|  |TAMS 0x0000000083900000, 0x0000000083900000| Untracked 
|  58|0x0000000083a00000, 0x0000000083a00000, 0x0000000083b00000|  0%| F|  |TAMS 0x0000000083a00000, 0x0000000083a00000| Untracked 
|  59|0x0000000083b00000, 0x0000000083b00000, 0x0000000083c00000|  0%| F|  |TAMS 0x0000000083b00000, 0x0000000083b00000| Untracked 
|  60|0x0000000083c00000, 0x0000000083c00000, 0x0000000083d00000|  0%| F|  |TAMS 0x0000000083c00000, 0x0000000083c00000| Untracked 
|  61|0x0000000083d00000, 0x0000000083d00000, 0x0000000083e00000|  0%| F|  |TAMS 0x0000000083d00000, 0x0000000083d00000| Untracked 
|  62|0x0000000083e00000, 0x0000000083e00000, 0x0000000083f00000|  0%| F|  |TAMS 0x0000000083e00000, 0x0000000083e00000| Untracked 
|  63|0x0000000083f00000, 0x0000000083f00000, 0x0000000084000000|  0%| F|  |TAMS 0x0000000083f00000, 0x0000000083f00000| Untracked 
|  64|0x0000000084000000, 0x0000000084000000, 0x0000000084100000|  0%| F|  |TAMS 0x0000000084000000, 0x0000000084000000| Untracked 
|  65|0x0000000084100000, 0x0000000084100000, 0x0000000084200000|  0%| F|  |TAMS 0x0000000084100000, 0x0000000084100000| Untracked 
|  66|0x0000000084200000, 0x0000000084200000, 0x0000000084300000|  0%| F|  |TAMS 0x0000000084200000, 0x0000000084200000| Untracked 
|  67|0x0000000084300000, 0x0000000084300000, 0x0000000084400000|  0%| F|  |TAMS 0x0000000084300000, 0x0000000084300000| Untracked 
|  68|0x0000000084400000, 0x0000000084400000, 0x0000000084500000|  0%| F|  |TAMS 0x0000000084400000, 0x0000000084400000| Untracked 
|  69|0x0000000084500000, 0x0000000084500000, 0x0000000084600000|  0%| F|  |TAMS 0x0000000084500000, 0x0000000084500000| Untracked 
|  70|0x0000000084600000, 0x0000000084600000, 0x0000000084700000|  0%| F|  |TAMS 0x0000000084600000, 0x0000000084600000| Untracked 
|  71|0x0000000084700000, 0x0000000084700000, 0x0000000084800000|  0%| F|  |TAMS 0x0000000084700000, 0x0000000084700000| Untracked 
|  72|0x0000000084800000, 0x0000000084800000, 0x0000000084900000|  0%| F|  |TAMS 0x0000000084800000, 0x0000000084800000| Untracked 
|  73|0x0000000084900000, 0x0000000084900000, 0x0000000084a00000|  0%| F|  |TAMS 0x0000000084900000, 0x0000000084900000| Untracked 
|  74|0x0000000084a00000, 0x0000000084a00000, 0x0000000084b00000|  0%| F|  |TAMS 0x0000000084a00000, 0x0000000084a00000| Untracked 
|  75|0x0000000084b00000, 0x0000000084b00000, 0x0000000084c00000|  0%| F|  |TAMS 0x0000000084b00000, 0x0000000084b00000| Untracked 
|  76|0x0000000084c00000, 0x0000000084c00000, 0x0000000084d00000|  0%| F|  |TAMS 0x0000000084c00000, 0x0000000084c00000| Untracked 
|  77|0x0000000084d00000, 0x0000000084d00000, 0x0000000084e00000|  0%| F|  |TAMS 0x0000000084d00000, 0x0000000084d00000| Untracked 
|  78|0x0000000084e00000, 0x0000000084e00000, 0x0000000084f00000|  0%| F|  |TAMS 0x0000000084e00000, 0x0000000084e00000| Untracked 
|  79|0x0000000084f00000, 0x0000000084f00000, 0x0000000085000000|  0%| F|  |TAMS 0x0000000084f00000, 0x0000000084f00000| Untracked 
|  80|0x0000000085000000, 0x0000000085000000, 0x0000000085100000|  0%| F|  |TAMS 0x0000000085000000, 0x0000000085000000| Untracked 
|  81|0x0000000085100000, 0x0000000085100000, 0x0000000085200000|  0%| F|  |TAMS 0x0000000085100000, 0x0000000085100000| Untracked 
|  82|0x0000000085200000, 0x0000000085200000, 0x0000000085300000|  0%| F|  |TAMS 0x0000000085200000, 0x0000000085200000| Untracked 
|  83|0x0000000085300000, 0x0000000085300000, 0x0000000085400000|  0%| F|  |TAMS 0x0000000085300000, 0x0000000085300000| Untracked 
|  84|0x0000000085400000, 0x0000000085400000, 0x0000000085500000|  0%| F|  |TAMS 0x0000000085400000, 0x0000000085400000| Untracked 
|  85|0x0000000085500000, 0x0000000085500000, 0x0000000085600000|  0%| F|  |TAMS 0x0000000085500000, 0x0000000085500000| Untracked 
|  86|0x0000000085600000, 0x0000000085600000, 0x0000000085700000|  0%| F|  |TAMS 0x0000000085600000, 0x0000000085600000| Untracked 
|  87|0x0000000085700000, 0x0000000085700000, 0x0000000085800000|  0%| F|  |TAMS 0x0000000085700000, 0x0000000085700000| Untracked 
|  88|0x0000000085800000, 0x0000000085800000, 0x0000000085900000|  0%| F|  |TAMS 0x0000000085800000, 0x0000000085800000| Untracked 
|  89|0x0000000085900000, 0x0000000085900000, 0x0000000085a00000|  0%| F|  |TAMS 0x0000000085900000, 0x0000000085900000| Untracked 
|  90|0x0000000085a00000, 0x0000000085a00000, 0x0000000085b00000|  0%| F|  |TAMS 0x0000000085a00000, 0x0000000085a00000| Untracked 
|  91|0x0000000085b00000, 0x0000000085b00000, 0x0000000085c00000|  0%| F|  |TAMS 0x0000000085b00000, 0x0000000085b00000| Untracked 
|  92|0x0000000085c00000, 0x0000000085c00000, 0x0000000085d00000|  0%| F|  |TAMS 0x0000000085c00000, 0x0000000085c00000| Untracked 
|  93|0x0000000085d00000, 0x0000000085d00000, 0x0000000085e00000|  0%| F|  |TAMS 0x0000000085d00000, 0x0000000085d00000| Untracked 
|  94|0x0000000085e00000, 0x0000000085e00000, 0x0000000085f00000|  0%| F|  |TAMS 0x0000000085e00000, 0x0000000085e00000| Untracked 
|  95|0x0000000085f00000, 0x0000000085f00000, 0x0000000086000000|  0%| F|  |TAMS 0x0000000085f00000, 0x0000000085f00000| Untracked 
|  96|0x0000000086000000, 0x0000000086000000, 0x0000000086100000|  0%| F|  |TAMS 0x0000000086000000, 0x0000000086000000| Untracked 
|  97|0x0000000086100000, 0x0000000086100000, 0x0000000086200000|  0%| F|  |TAMS 0x0000000086100000, 0x0000000086100000| Untracked 
|  98|0x0000000086200000, 0x0000000086200000, 0x0000000086300000|  0%| F|  |TAMS 0x0000000086200000, 0x0000000086200000| Untracked 
|  99|0x0000000086300000, 0x0000000086300000, 0x0000000086400000|  0%| F|  |TAMS 0x0000000086300000, 0x0000000086300000| Untracked 
| 100|0x0000000086400000, 0x0000000086400000, 0x0000000086500000|  0%| F|  |TAMS 0x0000000086400000, 0x0000000086400000| Untracked 
| 101|0x0000000086500000, 0x0000000086500000, 0x0000000086600000|  0%| F|  |TAMS 0x0000000086500000, 0x0000000086500000| Untracked 
| 102|0x0000000086600000, 0x0000000086600000, 0x0000000086700000|  0%| F|  |TAMS 0x0000000086600000, 0x0000000086600000| Untracked 
| 103|0x0000000086700000, 0x0000000086700000, 0x0000000086800000|  0%| F|  |TAMS 0x0000000086700000, 0x0000000086700000| Untracked 
| 104|0x0000000086800000, 0x0000000086800000, 0x0000000086900000|  0%| F|  |TAMS 0x0000000086800000, 0x0000000086800000| Untracked 
| 105|0x0000000086900000, 0x0000000086900000, 0x0000000086a00000|  0%| F|  |TAMS 0x0000000086900000, 0x0000000086900000| Untracked 
| 106|0x0000000086a00000, 0x0000000086a00000, 0x0000000086b00000|  0%| F|  |TAMS 0x0000000086a00000, 0x0000000086a00000| Untracked 
| 107|0x0000000086b00000, 0x0000000086b00000, 0x0000000086c00000|  0%| F|  |TAMS 0x0000000086b00000, 0x0000000086b00000| Untracked 
| 108|0x0000000086c00000, 0x0000000086c00000, 0x0000000086d00000|  0%| F|  |TAMS 0x0000000086c00000, 0x0000000086c00000| Untracked 
| 109|0x0000000086d00000, 0x0000000086d00000, 0x0000000086e00000|  0%| F|  |TAMS 0x0000000086d00000, 0x0000000086d00000| Untracked 
| 110|0x0000000086e00000, 0x0000000086e00000, 0x0000000086f00000|  0%| F|  |TAMS 0x0000000086e00000, 0x0000000086e00000| Untracked 
| 111|0x0000000086f00000, 0x0000000086f00000, 0x0000000087000000|  0%| F|  |TAMS 0x0000000086f00000, 0x0000000086f00000| Untracked 
| 112|0x0000000087000000, 0x0000000087000000, 0x0000000087100000|  0%| F|  |TAMS 0x0000000087000000, 0x0000000087000000| Untracked 
| 113|0x0000000087100000, 0x0000000087100000, 0x0000000087200000|  0%| F|  |TAMS 0x0000000087100000, 0x0000000087100000| Untracked 
| 114|0x0000000087200000, 0x0000000087200000, 0x0000000087300000|  0%| F|  |TAMS 0x0000000087200000, 0x0000000087200000| Untracked 
| 115|0x0000000087300000, 0x0000000087300000, 0x0000000087400000|  0%| F|  |TAMS 0x0000000087300000, 0x0000000087300000| Untracked 
| 116|0x0000000087400000, 0x0000000087400000, 0x0000000087500000|  0%| F|  |TAMS 0x0000000087400000, 0x0000000087400000| Untracked 
| 117|0x0000000087500000, 0x0000000087500000, 0x0000000087600000|  0%| F|  |TAMS 0x0000000087500000, 0x0000000087500000| Untracked 
| 118|0x0000000087600000, 0x0000000087600000, 0x0000000087700000|  0%| F|  |TAMS 0x0000000087600000, 0x0000000087600000| Untracked 
| 119|0x0000000087700000, 0x0000000087700000, 0x0000000087800000|  0%| F|  |TAMS 0x0000000087700000, 0x0000000087700000| Untracked 
| 120|0x0000000087800000, 0x0000000087800000, 0x0000000087900000|  0%| F|  |TAMS 0x0000000087800000, 0x0000000087800000| Untracked 
| 121|0x0000000087900000, 0x0000000087900000, 0x0000000087a00000|  0%| F|  |TAMS 0x0000000087900000, 0x0000000087900000| Untracked 
| 122|0x0000000087a00000, 0x0000000087a00000, 0x0000000087b00000|  0%| F|  |TAMS 0x0000000087a00000, 0x0000000087a00000| Untracked 
| 123|0x0000000087b00000, 0x0000000087b00000, 0x0000000087c00000|  0%| F|  |TAMS 0x0000000087b00000, 0x0000000087b00000| Untracked 
| 124|0x0000000087c00000, 0x0000000087c00000, 0x0000000087d00000|  0%| F|  |TAMS 0x0000000087c00000, 0x0000000087c00000| Untracked 
| 125|0x0000000087d00000, 0x0000000087d00000, 0x0000000087e00000|  0%| F|  |TAMS 0x0000000087d00000, 0x0000000087d00000| Untracked 
| 126|0x0000000087e00000, 0x0000000087ecda28, 0x0000000087f00000| 80%| S|CS|TAMS 0x0000000087e00000, 0x0000000087e00000| Complete 
| 127|0x0000000087f00000, 0x0000000088000000, 0x0000000088000000|100%| S|CS|TAMS 0x0000000087f00000, 0x0000000087f00000| Complete 
| 128|0x0000000088000000, 0x0000000088100000, 0x0000000088100000|100%| S|CS|TAMS 0x0000000088000000, 0x0000000088000000| Complete 
| 129|0x0000000088100000, 0x0000000088200000, 0x0000000088200000|100%| S|CS|TAMS 0x0000000088100000, 0x0000000088100000| Complete 
| 130|0x0000000088200000, 0x0000000088300000, 0x0000000088300000|100%| S|CS|TAMS 0x0000000088200000, 0x0000000088200000| Complete 
| 131|0x0000000088300000, 0x0000000088400000, 0x0000000088400000|100%| S|CS|TAMS 0x0000000088300000, 0x0000000088300000| Complete 
| 132|0x0000000088400000, 0x0000000088500000, 0x0000000088500000|100%| S|CS|TAMS 0x0000000088400000, 0x0000000088400000| Complete 
| 133|0x0000000088500000, 0x0000000088600000, 0x0000000088600000|100%| S|CS|TAMS 0x0000000088500000, 0x0000000088500000| Complete 
| 134|0x0000000088600000, 0x0000000088700000, 0x0000000088700000|100%| S|CS|TAMS 0x0000000088600000, 0x0000000088600000| Complete 
| 135|0x0000000088700000, 0x0000000088800000, 0x0000000088800000|100%| S|CS|TAMS 0x0000000088700000, 0x0000000088700000| Complete 
| 136|0x0000000088800000, 0x0000000088900000, 0x0000000088900000|100%| S|CS|TAMS 0x0000000088800000, 0x0000000088800000| Complete 
| 137|0x0000000088900000, 0x0000000088a00000, 0x0000000088a00000|100%| S|CS|TAMS 0x0000000088900000, 0x0000000088900000| Complete 
| 138|0x0000000088a00000, 0x0000000088b00000, 0x0000000088b00000|100%| S|CS|TAMS 0x0000000088a00000, 0x0000000088a00000| Complete 
| 139|0x0000000088b00000, 0x0000000088c00000, 0x0000000088c00000|100%| S|CS|TAMS 0x0000000088b00000, 0x0000000088b00000| Complete 
| 140|0x0000000088c00000, 0x0000000088c82010, 0x0000000088d00000| 50%| E|  |TAMS 0x0000000088c00000, 0x0000000088c00000| Complete 
| 141|0x0000000088d00000, 0x0000000088e00000, 0x0000000088e00000|100%| E|CS|TAMS 0x0000000088d00000, 0x0000000088d00000| Complete 
| 142|0x0000000088e00000, 0x0000000088f00000, 0x0000000088f00000|100%| E|CS|TAMS 0x0000000088e00000, 0x0000000088e00000| Complete 
| 143|0x0000000088f00000, 0x0000000089000000, 0x0000000089000000|100%| E|CS|TAMS 0x0000000088f00000, 0x0000000088f00000| Complete 
| 144|0x0000000089000000, 0x0000000089100000, 0x0000000089100000|100%| E|CS|TAMS 0x0000000089000000, 0x0000000089000000| Complete 
| 145|0x0000000089100000, 0x0000000089200000, 0x0000000089200000|100%| E|CS|TAMS 0x0000000089100000, 0x0000000089100000| Complete 
| 146|0x0000000089200000, 0x0000000089300000, 0x0000000089300000|100%| E|CS|TAMS 0x0000000089200000, 0x0000000089200000| Complete 
| 147|0x0000000089300000, 0x0000000089400000, 0x0000000089400000|100%| E|CS|TAMS 0x0000000089300000, 0x0000000089300000| Complete 
| 148|0x0000000089400000, 0x0000000089500000, 0x0000000089500000|100%| E|CS|TAMS 0x0000000089400000, 0x0000000089400000| Complete 
| 149|0x0000000089500000, 0x0000000089600000, 0x0000000089600000|100%| E|CS|TAMS 0x0000000089500000, 0x0000000089500000| Complete 
| 150|0x0000000089600000, 0x0000000089700000, 0x0000000089700000|100%| E|CS|TAMS 0x0000000089600000, 0x0000000089600000| Complete 
| 151|0x0000000089700000, 0x0000000089800000, 0x0000000089800000|100%| E|CS|TAMS 0x0000000089700000, 0x0000000089700000| Complete 
| 152|0x0000000089800000, 0x0000000089900000, 0x0000000089900000|100%| E|CS|TAMS 0x0000000089800000, 0x0000000089800000| Complete 
| 153|0x0000000089900000, 0x0000000089a00000, 0x0000000089a00000|100%| E|CS|TAMS 0x0000000089900000, 0x0000000089900000| Complete 
| 154|0x0000000089a00000, 0x0000000089b00000, 0x0000000089b00000|100%| E|CS|TAMS 0x0000000089a00000, 0x0000000089a00000| Complete 
| 155|0x0000000089b00000, 0x0000000089c00000, 0x0000000089c00000|100%| E|CS|TAMS 0x0000000089b00000, 0x0000000089b00000| Complete 
| 156|0x0000000089c00000, 0x0000000089d00000, 0x0000000089d00000|100%| E|CS|TAMS 0x0000000089c00000, 0x0000000089c00000| Complete 
| 157|0x0000000089d00000, 0x0000000089e00000, 0x0000000089e00000|100%| E|CS|TAMS 0x0000000089d00000, 0x0000000089d00000| Complete 
| 158|0x0000000089e00000, 0x0000000089f00000, 0x0000000089f00000|100%| E|  |TAMS 0x0000000089e00000, 0x0000000089e00000| Complete 
| 159|0x0000000089f00000, 0x000000008a000000, 0x000000008a000000|100%| E|CS|TAMS 0x0000000089f00000, 0x0000000089f00000| Complete 
| 160|0x000000008a000000, 0x000000008a100000, 0x000000008a100000|100%| E|CS|TAMS 0x000000008a000000, 0x000000008a000000| Complete 
| 161|0x000000008a100000, 0x000000008a200000, 0x000000008a200000|100%| E|CS|TAMS 0x000000008a100000, 0x000000008a100000| Complete 
| 162|0x000000008a200000, 0x000000008a300000, 0x000000008a300000|100%| E|CS|TAMS 0x000000008a200000, 0x000000008a200000| Complete 
| 163|0x000000008a300000, 0x000000008a400000, 0x000000008a400000|100%| E|CS|TAMS 0x000000008a300000, 0x000000008a300000| Complete 
| 164|0x000000008a400000, 0x000000008a500000, 0x000000008a500000|100%| E|CS|TAMS 0x000000008a400000, 0x000000008a400000| Complete 
| 165|0x000000008a500000, 0x000000008a600000, 0x000000008a600000|100%| E|CS|TAMS 0x000000008a500000, 0x000000008a500000| Complete 
| 166|0x000000008a600000, 0x000000008a700000, 0x000000008a700000|100%| E|CS|TAMS 0x000000008a600000, 0x000000008a600000| Complete 
| 167|0x000000008a700000, 0x000000008a800000, 0x000000008a800000|100%| E|CS|TAMS 0x000000008a700000, 0x000000008a700000| Complete 
| 168|0x000000008a800000, 0x000000008a900000, 0x000000008a900000|100%| E|CS|TAMS 0x000000008a800000, 0x000000008a800000| Complete 
| 169|0x000000008a900000, 0x000000008aa00000, 0x000000008aa00000|100%| E|CS|TAMS 0x000000008a900000, 0x000000008a900000| Complete 
| 170|0x000000008aa00000, 0x000000008ab00000, 0x000000008ab00000|100%| E|CS|TAMS 0x000000008aa00000, 0x000000008aa00000| Complete 
| 171|0x000000008ab00000, 0x000000008ac00000, 0x000000008ac00000|100%| E|CS|TAMS 0x000000008ab00000, 0x000000008ab00000| Complete 
| 172|0x000000008ac00000, 0x000000008ad00000, 0x000000008ad00000|100%| E|CS|TAMS 0x000000008ac00000, 0x000000008ac00000| Complete 
| 173|0x000000008ad00000, 0x000000008ae00000, 0x000000008ae00000|100%| E|CS|TAMS 0x000000008ad00000, 0x000000008ad00000| Complete 
| 174|0x000000008ae00000, 0x000000008af00000, 0x000000008af00000|100%| E|CS|TAMS 0x000000008ae00000, 0x000000008ae00000| Complete 
| 175|0x000000008af00000, 0x000000008b000000, 0x000000008b000000|100%| E|CS|TAMS 0x000000008af00000, 0x000000008af00000| Complete 
| 176|0x000000008b000000, 0x000000008b100000, 0x000000008b100000|100%| E|CS|TAMS 0x000000008b000000, 0x000000008b000000| Complete 
| 177|0x000000008b100000, 0x000000008b200000, 0x000000008b200000|100%| E|CS|TAMS 0x000000008b100000, 0x000000008b100000| Complete 
| 178|0x000000008b200000, 0x000000008b300000, 0x000000008b300000|100%| E|CS|TAMS 0x000000008b200000, 0x000000008b200000| Complete 
| 179|0x000000008b300000, 0x000000008b400000, 0x000000008b400000|100%| E|CS|TAMS 0x000000008b300000, 0x000000008b300000| Complete 
| 180|0x000000008b400000, 0x000000008b500000, 0x000000008b500000|100%| E|CS|TAMS 0x000000008b400000, 0x000000008b400000| Complete 
| 181|0x000000008b500000, 0x000000008b600000, 0x000000008b600000|100%| E|CS|TAMS 0x000000008b500000, 0x000000008b500000| Complete 
| 182|0x000000008b600000, 0x000000008b700000, 0x000000008b700000|100%| E|CS|TAMS 0x000000008b600000, 0x000000008b600000| Complete 
| 183|0x000000008b700000, 0x000000008b800000, 0x000000008b800000|100%| E|CS|TAMS 0x000000008b700000, 0x000000008b700000| Complete 
| 184|0x000000008b800000, 0x000000008b900000, 0x000000008b900000|100%| E|CS|TAMS 0x000000008b800000, 0x000000008b800000| Complete 
| 185|0x000000008b900000, 0x000000008ba00000, 0x000000008ba00000|100%| E|CS|TAMS 0x000000008b900000, 0x000000008b900000| Complete 
| 186|0x000000008ba00000, 0x000000008bb00000, 0x000000008bb00000|100%| E|CS|TAMS 0x000000008ba00000, 0x000000008ba00000| Complete 
| 187|0x000000008bb00000, 0x000000008bc00000, 0x000000008bc00000|100%| E|CS|TAMS 0x000000008bb00000, 0x000000008bb00000| Complete 
| 188|0x000000008bc00000, 0x000000008bd00000, 0x000000008bd00000|100%| E|CS|TAMS 0x000000008bc00000, 0x000000008bc00000| Complete 
| 189|0x000000008bd00000, 0x000000008be00000, 0x000000008be00000|100%| E|CS|TAMS 0x000000008bd00000, 0x000000008bd00000| Complete 
| 190|0x000000008be00000, 0x000000008bf00000, 0x000000008bf00000|100%| E|CS|TAMS 0x000000008be00000, 0x000000008be00000| Complete 
| 191|0x000000008bf00000, 0x000000008c000000, 0x000000008c000000|100%| E|CS|TAMS 0x000000008bf00000, 0x000000008bf00000| Complete 
| 192|0x000000008c000000, 0x000000008c100000, 0x000000008c100000|100%| E|CS|TAMS 0x000000008c000000, 0x000000008c000000| Complete 
| 193|0x000000008c100000, 0x000000008c200000, 0x000000008c200000|100%| E|CS|TAMS 0x000000008c100000, 0x000000008c100000| Complete 
| 194|0x000000008c200000, 0x000000008c300000, 0x000000008c300000|100%| E|CS|TAMS 0x000000008c200000, 0x000000008c200000| Complete 
| 195|0x000000008c300000, 0x000000008c400000, 0x000000008c400000|100%| E|CS|TAMS 0x000000008c300000, 0x000000008c300000| Complete 
| 196|0x000000008c400000, 0x000000008c500000, 0x000000008c500000|100%| E|CS|TAMS 0x000000008c400000, 0x000000008c400000| Complete 
| 197|0x000000008c500000, 0x000000008c600000, 0x000000008c600000|100%| E|CS|TAMS 0x000000008c500000, 0x000000008c500000| Complete 
| 198|0x000000008c600000, 0x000000008c700000, 0x000000008c700000|100%| E|CS|TAMS 0x000000008c600000, 0x000000008c600000| Complete 
| 199|0x000000008c700000, 0x000000008c800000, 0x000000008c800000|100%| E|CS|TAMS 0x000000008c700000, 0x000000008c700000| Complete 
| 200|0x000000008c800000, 0x000000008c900000, 0x000000008c900000|100%| E|CS|TAMS 0x000000008c800000, 0x000000008c800000| Complete 
| 201|0x000000008c900000, 0x000000008ca00000, 0x000000008ca00000|100%| E|CS|TAMS 0x000000008c900000, 0x000000008c900000| Complete 
| 202|0x000000008ca00000, 0x000000008cb00000, 0x000000008cb00000|100%| E|CS|TAMS 0x000000008ca00000, 0x000000008ca00000| Complete 
| 203|0x000000008cb00000, 0x000000008cc00000, 0x000000008cc00000|100%| E|CS|TAMS 0x000000008cb00000, 0x000000008cb00000| Complete 
| 204|0x000000008cc00000, 0x000000008cd00000, 0x000000008cd00000|100%| E|CS|TAMS 0x000000008cc00000, 0x000000008cc00000| Complete 
| 205|0x000000008cd00000, 0x000000008ce00000, 0x000000008ce00000|100%| E|CS|TAMS 0x000000008cd00000, 0x000000008cd00000| Complete 
| 206|0x000000008ce00000, 0x000000008cf00000, 0x000000008cf00000|100%| E|CS|TAMS 0x000000008ce00000, 0x000000008ce00000| Complete 
| 207|0x000000008cf00000, 0x000000008d000000, 0x000000008d000000|100%| E|CS|TAMS 0x000000008cf00000, 0x000000008cf00000| Complete 
| 208|0x000000008d000000, 0x000000008d100000, 0x000000008d100000|100%| E|CS|TAMS 0x000000008d000000, 0x000000008d000000| Complete 
| 209|0x000000008d100000, 0x000000008d200000, 0x000000008d200000|100%| E|CS|TAMS 0x000000008d100000, 0x000000008d100000| Complete 
| 210|0x000000008d200000, 0x000000008d300000, 0x000000008d300000|100%| E|CS|TAMS 0x000000008d200000, 0x000000008d200000| Complete 
| 211|0x000000008d300000, 0x000000008d400000, 0x000000008d400000|100%| E|CS|TAMS 0x000000008d300000, 0x000000008d300000| Complete 
| 212|0x000000008d400000, 0x000000008d500000, 0x000000008d500000|100%| E|CS|TAMS 0x000000008d400000, 0x000000008d400000| Complete 
| 213|0x000000008d500000, 0x000000008d600000, 0x000000008d600000|100%| E|CS|TAMS 0x000000008d500000, 0x000000008d500000| Complete 
| 214|0x000000008d600000, 0x000000008d700000, 0x000000008d700000|100%| E|CS|TAMS 0x000000008d600000, 0x000000008d600000| Complete 
| 215|0x000000008d700000, 0x000000008d800000, 0x000000008d800000|100%| E|CS|TAMS 0x000000008d700000, 0x000000008d700000| Complete 
| 216|0x000000008d800000, 0x000000008d900000, 0x000000008d900000|100%| E|CS|TAMS 0x000000008d800000, 0x000000008d800000| Complete 
| 217|0x000000008d900000, 0x000000008da00000, 0x000000008da00000|100%| E|CS|TAMS 0x000000008d900000, 0x000000008d900000| Complete 
| 218|0x000000008da00000, 0x000000008db00000, 0x000000008db00000|100%| E|CS|TAMS 0x000000008da00000, 0x000000008da00000| Complete 
| 219|0x000000008db00000, 0x000000008dc00000, 0x000000008dc00000|100%| E|CS|TAMS 0x000000008db00000, 0x000000008db00000| Complete 
| 220|0x000000008dc00000, 0x000000008dd00000, 0x000000008dd00000|100%| E|CS|TAMS 0x000000008dc00000, 0x000000008dc00000| Complete 
| 221|0x000000008dd00000, 0x000000008de00000, 0x000000008de00000|100%| E|CS|TAMS 0x000000008dd00000, 0x000000008dd00000| Complete 
| 222|0x000000008de00000, 0x000000008df00000, 0x000000008df00000|100%| E|CS|TAMS 0x000000008de00000, 0x000000008de00000| Complete 
| 223|0x000000008df00000, 0x000000008e000000, 0x000000008e000000|100%| E|CS|TAMS 0x000000008df00000, 0x000000008df00000| Complete 
| 224|0x000000008e000000, 0x000000008e100000, 0x000000008e100000|100%| E|CS|TAMS 0x000000008e000000, 0x000000008e000000| Complete 
| 225|0x000000008e100000, 0x000000008e200000, 0x000000008e200000|100%| E|CS|TAMS 0x000000008e100000, 0x000000008e100000| Complete 
| 226|0x000000008e200000, 0x000000008e300000, 0x000000008e300000|100%| E|CS|TAMS 0x000000008e200000, 0x000000008e200000| Complete 
| 227|0x000000008e300000, 0x000000008e400000, 0x000000008e400000|100%| E|CS|TAMS 0x000000008e300000, 0x000000008e300000| Complete 
| 228|0x000000008e400000, 0x000000008e500000, 0x000000008e500000|100%| E|CS|TAMS 0x000000008e400000, 0x000000008e400000| Complete 
| 229|0x000000008e500000, 0x000000008e600000, 0x000000008e600000|100%| E|CS|TAMS 0x000000008e500000, 0x000000008e500000| Complete 
| 230|0x000000008e600000, 0x000000008e700000, 0x000000008e700000|100%| E|CS|TAMS 0x000000008e600000, 0x000000008e600000| Complete 
| 231|0x000000008e700000, 0x000000008e800000, 0x000000008e800000|100%| E|CS|TAMS 0x000000008e700000, 0x000000008e700000| Complete 
| 232|0x000000008e800000, 0x000000008e900000, 0x000000008e900000|100%| E|CS|TAMS 0x000000008e800000, 0x000000008e800000| Complete 
| 233|0x000000008e900000, 0x000000008ea00000, 0x000000008ea00000|100%| E|CS|TAMS 0x000000008e900000, 0x000000008e900000| Complete 
| 234|0x000000008ea00000, 0x000000008eb00000, 0x000000008eb00000|100%| E|CS|TAMS 0x000000008ea00000, 0x000000008ea00000| Complete 
| 235|0x000000008eb00000, 0x000000008ec00000, 0x000000008ec00000|100%| E|CS|TAMS 0x000000008eb00000, 0x000000008eb00000| Complete 
| 236|0x000000008ec00000, 0x000000008ed00000, 0x000000008ed00000|100%| E|CS|TAMS 0x000000008ec00000, 0x000000008ec00000| Complete 
| 237|0x000000008ed00000, 0x000000008ee00000, 0x000000008ee00000|100%| E|CS|TAMS 0x000000008ed00000, 0x000000008ed00000| Complete 
| 238|0x000000008ee00000, 0x000000008ef00000, 0x000000008ef00000|100%| E|CS|TAMS 0x000000008ee00000, 0x000000008ee00000| Complete 
| 239|0x000000008ef00000, 0x000000008f000000, 0x000000008f000000|100%| E|CS|TAMS 0x000000008ef00000, 0x000000008ef00000| Complete 
| 240|0x000000008f000000, 0x000000008f100000, 0x000000008f100000|100%| E|CS|TAMS 0x000000008f000000, 0x000000008f000000| Complete 
| 241|0x000000008f100000, 0x000000008f200000, 0x000000008f200000|100%| E|CS|TAMS 0x000000008f100000, 0x000000008f100000| Complete 
| 242|0x000000008f200000, 0x000000008f300000, 0x000000008f300000|100%| E|CS|TAMS 0x000000008f200000, 0x000000008f200000| Complete 
| 243|0x000000008f300000, 0x000000008f400000, 0x000000008f400000|100%| E|CS|TAMS 0x000000008f300000, 0x000000008f300000| Complete 
| 244|0x000000008f400000, 0x000000008f500000, 0x000000008f500000|100%| E|CS|TAMS 0x000000008f400000, 0x000000008f400000| Complete 
| 245|0x000000008f500000, 0x000000008f600000, 0x000000008f600000|100%| E|CS|TAMS 0x000000008f500000, 0x000000008f500000| Complete 
| 246|0x000000008f600000, 0x000000008f700000, 0x000000008f700000|100%| E|CS|TAMS 0x000000008f600000, 0x000000008f600000| Complete 
| 247|0x000000008f700000, 0x000000008f800000, 0x000000008f800000|100%| E|CS|TAMS 0x000000008f700000, 0x000000008f700000| Complete 
| 248|0x000000008f800000, 0x000000008f900000, 0x000000008f900000|100%| E|CS|TAMS 0x000000008f800000, 0x000000008f800000| Complete 
| 249|0x000000008f900000, 0x000000008fa00000, 0x000000008fa00000|100%| E|CS|TAMS 0x000000008f900000, 0x000000008f900000| Complete 
| 250|0x000000008fa00000, 0x000000008fb00000, 0x000000008fb00000|100%| E|CS|TAMS 0x000000008fa00000, 0x000000008fa00000| Complete 
| 251|0x000000008fb00000, 0x000000008fc00000, 0x000000008fc00000|100%| E|CS|TAMS 0x000000008fb00000, 0x000000008fb00000| Complete 
| 252|0x000000008fc00000, 0x000000008fd00000, 0x000000008fd00000|100%| E|CS|TAMS 0x000000008fc00000, 0x000000008fc00000| Complete 
| 253|0x000000008fd00000, 0x000000008fe00000, 0x000000008fe00000|100%| E|CS|TAMS 0x000000008fd00000, 0x000000008fd00000| Complete 

Card table byte_map: [0x0000019d138e0000,0x0000019d13ce0000] _byte_map_base: 0x0000019d134e0000

Marking Bits (Prev, Next): (CMBitMap*) 0x0000019d7c8576a0, (CMBitMap*) 0x0000019d7c857668
 Prev Bits: [0x0000019d160e0000, 0x0000019d180e0000)
 Next Bits: [0x0000019d140e0000, 0x0000019d160e0000)

Polling page: 0x0000019d00000000

Metaspace:

Usage:
  Non-class:     43.30 MB capacity,    42.45 MB ( 98%) used,   737.71 KB (  2%) free+waste,   138.75 KB ( <1%) overhead. 
      Class:      6.69 MB capacity,     6.18 MB ( 92%) used,   463.61 KB (  7%) free+waste,    66.44 KB ( <1%) overhead. 
       Both:     50.00 MB capacity,    48.62 MB ( 97%) used,     1.17 MB (  2%) free+waste,   205.19 KB ( <1%) overhead. 

Virtual space:
  Non-class space:       44.00 MB reserved,      43.38 MB ( 99%) committed 
      Class space:        1.00 GB reserved,       6.77 MB ( <1%) committed 
             Both:        1.04 GB reserved,      50.15 MB (  5%) committed 

Chunk freelists:
   Non-Class:  13.00 KB
       Class:  1.00 KB
        Both:  14.00 KB

MaxMetaspaceSize: 17179869184.00 GB
CompressedClassSpaceSize: 1.00 GB
Initial GC threshold: 20.80 MB
Current GC threshold: 75.25 MB
CDS: off

CodeHeap 'non-profiled nmethods': size=120000Kb used=3163Kb max_used=3163Kb free=116837Kb
 bounds [0x0000019d0b540000, 0x0000019d0b860000, 0x0000019d12a70000]
CodeHeap 'profiled nmethods': size=120000Kb used=11028Kb max_used=11028Kb free=108971Kb
 bounds [0x0000019d04010000, 0x0000019d04ae0000, 0x0000019d0b540000]
CodeHeap 'non-nmethods': size=5760Kb used=2301Kb max_used=2338Kb free=3459Kb
 bounds [0x0000019d03a70000, 0x0000019d03ce0000, 0x0000019d04010000]
 total_blobs=6300 nmethods=5499 adapters=712
 compilation: enabled
              stopped_count=0, restarted_count=0
 full_count=0

Compilation events (20 events):
Event: 7.680 Thread 0x0000019d1b4b1000 5485       3       org.gradle.internal.service.DefaultServiceRegistry::serviceRequested (42 bytes)
Event: 7.682 Thread 0x0000019d1b4b1000 nmethod 5485 0x0000019d04abc710 code [0x0000019d04abcb00, 0x0000019d04abe3d8]
Event: 7.682 Thread 0x0000019d1b4b1000 5486       3       org.gradle.internal.service.DefaultServiceRegistry::noLongerMutable (15 bytes)
Event: 7.683 Thread 0x0000019d1ec0d000 nmethod 5469 0x0000019d0b853f90 code [0x0000019d0b854120, 0x0000019d0b854358]
Event: 7.683 Thread 0x0000019d1b4b1000 nmethod 5486 0x0000019d04abed10 code [0x0000019d04abefc0, 0x0000019d04abfb68]
Event: 7.684 Thread 0x0000019d1ec0b000 nmethod 5466 0x0000019d0b854510 code [0x0000019d0b8546c0, 0x0000019d0b854f58]
Event: 7.685 Thread 0x0000019d1b4b1000 5487       3       java.util.zip.ZipFile$Source::initCEN (697 bytes)
Event: 7.689 Thread 0x0000019d1ec0d000 5488       4       jdk.internal.loader.URLClassPath$JarLoader::findResource (18 bytes)
Event: 7.690 Thread 0x0000019d1b4b1000 nmethod 5487 0x0000019d04abff90 code [0x0000019d04ac05e0, 0x0000019d04ac4038]
Event: 7.690 Thread 0x0000019d1b4b1000 5489       3       sun.nio.fs.WindowsFileAttributeViews$Basic::readAttributes (5 bytes)
Event: 7.690 Thread 0x0000019d1b4b1000 nmethod 5489 0x0000019d04ac5a90 code [0x0000019d04ac5c40, 0x0000019d04ac5de8]
Event: 7.690 Thread 0x0000019d1b4b1000 5490   !   3       sun.nio.fs.WindowsFileAttributeViews$Basic::readAttributes (30 bytes)
Event: 7.691 Thread 0x0000019d1b4b1000 nmethod 5490 0x0000019d04ac5e90 code [0x0000019d04ac60e0, 0x0000019d04ac6928]
Event: 7.697 Thread 0x0000019d1b4b1000 5491       3       com.google.common.collect.MapMakerInternalMap$StrongKeyWeakValueSegment::self (5 bytes)
Event: 7.698 Thread 0x0000019d1b4b1000 nmethod 5491 0x0000019d04ac6c10 code [0x0000019d04ac6dc0, 0x0000019d04ac6f18]
Event: 7.698 Thread 0x0000019d1b4b1000 5492       3       com.google.common.collect.MapMakerInternalMap$StrongKeyWeakValueSegment::self (2 bytes)
Event: 7.698 Thread 0x0000019d1b4b1000 nmethod 5492 0x0000019d04ac7010 code [0x0000019d04ac71c0, 0x0000019d04ac72b8]
Event: 7.704 Thread 0x0000019d1b4b1000 5493       3       com.google.common.cache.LocalCache::customWeigher (16 bytes)
Event: 7.704 Thread 0x0000019d1b4b1000 nmethod 5493 0x0000019d04ac7390 code [0x0000019d04ac7540, 0x0000019d04ac76b8]
Event: 7.706 Thread 0x0000019d1ec0d000 nmethod 5488 0x0000019d0b855110 code [0x0000019d0b8553a0, 0x0000019d0b855b50]

GC Heap History (10 events):
Event: 0.735 GC heap before
{Heap before GC invocations=0 (full 0):
 garbage-first heap   total 260096K, used 29696K [0x0000000080000000, 0x0000000100000000)
  region size 1024K, 24 young (24576K), 0 survivors (0K)
 Metaspace       used 9760K, capacity 9956K, committed 10112K, reserved 1058816K
  class space    used 996K, capacity 1069K, committed 1152K, reserved 1048576K
}
Event: 0.740 GC heap after
{Heap after GC invocations=1 (full 0):
 garbage-first heap   total 260096K, used 8990K [0x0000000080000000, 0x0000000100000000)
  region size 1024K, 3 young (3072K), 3 survivors (3072K)
 Metaspace       used 9760K, capacity 9956K, committed 10112K, reserved 1058816K
  class space    used 996K, capacity 1069K, committed 1152K, reserved 1048576K
}
Event: 2.803 GC heap before
{Heap before GC invocations=1 (full 0):
 garbage-first heap   total 260096K, used 107294K [0x0000000080000000, 0x0000000100000000)
  region size 1024K, 100 young (102400K), 3 survivors (3072K)
 Metaspace       used 20775K, capacity 21187K, committed 21296K, reserved 1069056K
  class space    used 2523K, capacity 2685K, committed 2688K, reserved 1048576K
}
Event: 2.812 GC heap after
{Heap after GC invocations=2 (full 0):
 garbage-first heap   total 260096K, used 16794K [0x0000000080000000, 0x0000000100000000)
  region size 1024K, 11 young (11264K), 11 survivors (11264K)
 Metaspace       used 20775K, capacity 21187K, committed 21296K, reserved 1069056K
  class space    used 2523K, capacity 2685K, committed 2688K, reserved 1048576K
}
Event: 3.950 GC heap before
{Heap before GC invocations=3 (full 0):
 garbage-first heap   total 260096K, used 85402K [0x0000000080000000, 0x0000000100000000)
  region size 1024K, 79 young (80896K), 11 survivors (11264K)
 Metaspace       used 27780K, capacity 28433K, committed 28668K, reserved 1075200K
  class space    used 3638K, capacity 3881K, committed 3916K, reserved 1048576K
}
Event: 3.961 GC heap after
{Heap after GC invocations=4 (full 0):
 garbage-first heap   total 260096K, used 19361K [0x0000000080000000, 0x0000000100000000)
  region size 1024K, 3 young (3072K), 3 survivors (3072K)
 Metaspace       used 27780K, capacity 28433K, committed 28668K, reserved 1075200K
  class space    used 3638K, capacity 3881K, committed 3916K, reserved 1048576K
}
Event: 4.718 GC heap before
{Heap before GC invocations=4 (full 0):
 garbage-first heap   total 260096K, used 70561K [0x0000000080000000, 0x0000000100000000)
  region size 1024K, 54 young (55296K), 3 survivors (3072K)
 Metaspace       used 35074K, capacity 35953K, committed 36048K, reserved 1081344K
  class space    used 4566K, capacity 4921K, committed 4940K, reserved 1048576K
}
Event: 4.727 GC heap after
{Heap after GC invocations=5 (full 0):
 garbage-first heap   total 260096K, used 21976K [0x0000000080000000, 0x0000000100000000)
  region size 1024K, 6 young (6144K), 6 survivors (6144K)
 Metaspace       used 35074K, capacity 35953K, committed 36048K, reserved 1081344K
  class space    used 4566K, capacity 4921K, committed 4940K, reserved 1048576K
}
Event: 6.406 GC heap before
{Heap before GC invocations=6 (full 0):
 garbage-first heap   total 260096K, used 135640K [0x0000000080000000, 0x0000000100000000)
  region size 1024K, 114 young (116736K), 6 survivors (6144K)
 Metaspace       used 44955K, capacity 46082K, committed 46236K, reserved 1089536K
  class space    used 5681K, capacity 6082K, committed 6168K, reserved 1048576K
}
Event: 6.428 GC heap after
{Heap after GC invocations=7 (full 0):
 garbage-first heap   total 260096K, used 30489K [0x0000000080000000, 0x0000000100000000)
  region size 1024K, 14 young (14336K), 14 survivors (14336K)
 Metaspace       used 44955K, capacity 46082K, committed 46236K, reserved 1089536K
  class space    used 5681K, capacity 6082K, committed 6168K, reserved 1048576K
}

Deoptimization events (20 events):
Event: 7.624 Thread 0x0000019d1dd1e000 DEOPT PACKING pc=0x0000019d040a2fb4 sp=0x0000006a28cf9600
Event: 7.624 Thread 0x0000019d1dd1e000 DEOPT UNPACKING pc=0x0000019d03aba95e sp=0x0000006a28cf8b50 mode 0
Event: 7.628 Thread 0x0000019d1dd1e000 DEOPT PACKING pc=0x0000019d048b6971 sp=0x0000006a28cf95c0
Event: 7.628 Thread 0x0000019d1dd1e000 DEOPT UNPACKING pc=0x0000019d03aba95e sp=0x0000006a28cf8ab8 mode 0
Event: 7.642 Thread 0x0000019d1dd1e000 Uncommon trap: trap_request=0xffffff4d fr.pc=0x0000019d0b71e91c relative=0x000000000000007c
Event: 7.642 Thread 0x0000019d1dd1e000 Uncommon trap: reason=unstable_if action=reinterpret pc=0x0000019d0b71e91c method=java.util.Spliterator.getExactSizeIfKnown()J @ 9 c2
Event: 7.642 Thread 0x0000019d1dd1e000 DEOPT PACKING pc=0x0000019d0b71e91c sp=0x0000006a28cfacb0
Event: 7.642 Thread 0x0000019d1dd1e000 DEOPT UNPACKING pc=0x0000019d03aba1af sp=0x0000006a28cfac48 mode 2
Event: 7.657 Thread 0x0000019d1d807800 DEOPT PACKING pc=0x0000019d0431c4c9 sp=0x0000006a28ffb560
Event: 7.657 Thread 0x0000019d1d807800 DEOPT UNPACKING pc=0x0000019d03aba95e sp=0x0000006a28ffa9d8 mode 0
Event: 7.679 Thread 0x0000019d1dd1e000 Uncommon trap: trap_request=0xffffffc6 fr.pc=0x0000019d0b664d20 relative=0x0000000000000240
Event: 7.679 Thread 0x0000019d1dd1e000 Uncommon trap: reason=bimorphic_or_optimized_type_check action=maybe_recompile pc=0x0000019d0b664d20 method=com.google.common.base.CharMatcher.indexIn(Ljava/lang/CharSequence;I)I @ 31 c2
Event: 7.679 Thread 0x0000019d1dd1e000 DEOPT PACKING pc=0x0000019d0b664d20 sp=0x0000006a28cf7e40
Event: 7.679 Thread 0x0000019d1dd1e000 DEOPT UNPACKING pc=0x0000019d03aba1af sp=0x0000006a28cf7de8 mode 2
Event: 7.696 Thread 0x0000019d1dd1e000 Uncommon trap: trap_request=0xffffff4d fr.pc=0x0000019d0b5a00b8 relative=0x0000000000000558
Event: 7.696 Thread 0x0000019d1dd1e000 Uncommon trap: reason=unstable_if action=reinterpret pc=0x0000019d0b5a00b8 method=java.util.jar.Manifest$FastInputStream.readLine([BII)I @ 130 c2
Event: 7.696 Thread 0x0000019d1dd1e000 DEOPT PACKING pc=0x0000019d0b5a00b8 sp=0x0000006a28cf77c0
Event: 7.696 Thread 0x0000019d1dd1e000 DEOPT UNPACKING pc=0x0000019d03aba1af sp=0x0000006a28cf7750 mode 2
Event: 7.708 Thread 0x0000019d1dd1e000 DEOPT PACKING pc=0x0000019d04ac3804 sp=0x0000006a28cf3dc0
Event: 7.708 Thread 0x0000019d1dd1e000 DEOPT UNPACKING pc=0x0000019d03aba95e sp=0x0000006a28cf3398 mode 0

Classes redefined (0 events):
No events

Internal exceptions (20 events):
Event: 6.762 Thread 0x0000019d1dd1e000 Exception <a 'java/lang/IncompatibleClassChangeError'{0x000000008d45eed0}: Found class java.lang.Object, but interface was expected> (0x000000008d45eed0) thrown at [src/hotspot/share/interpreter/linkResolver.cpp, line 839]
Event: 6.874 Thread 0x0000019d1dd1e000 Exception <a 'java/lang/NoSuchMethodError'{0x000000008ccb5b70}: 'int java.lang.invoke.DirectMethodHandle$Holder.invokeStaticInit(java.lang.Object)'> (0x000000008ccb5b70) thrown at [src/hotspot/share/interpreter/linkResolver.cpp, line 773]
Event: 6.907 Thread 0x0000019d1dd1e000 Exception <a 'java/lang/NoSuchMethodError'{0x000000008cad13b8}: 'void java.lang.invoke.DirectMethodHandle$Holder.invokeStatic(java.lang.Object, java.lang.Object, java.lang.Object, int, java.lang.Object)'> (0x000000008cad13b8) thrown at [src/hotspot/share/interpreter/linkResolver.cpp, line 773]
Event: 6.943 Thread 0x0000019d1dd1e000 Exception <a 'java/lang/NoSuchMethodError'{0x000000008c7f8a60}: 'java.lang.Object java.lang.invoke.DelegatingMethodHandle$Holder.reinvoke_L(java.lang.Object, java.lang.Object, java.lang.Object, java.lang.Object, java.lang.Object, java.lang.Object, java.lang.Object, java.lang.Object, java.lang.Object, java.lang.Object, java.lang.Object, java.lang.Object, java.lang.Object, java.lang.Object, java.lang.Object, java.lang.Object, java.lang.Object, java.lang.Object, java.lang.Object, java.lang.Object, java.lang.O
Event: 6.943 Thread 0x0000019d1dd1e000 Exception <a 'java/lang/NoSuchMethodError'{0x000000008c6053f0}: 'java.lang.Object java.lang.invoke.Invokers$Holder.invoker(java.lang.Object, java.lang.Object, java.lang.Object, java.lang.Object, java.lang.Object, java.lang.Object, java.lang.Object, java.lang.Object, java.lang.Object, java.lang.Object, java.lang.Object, java.lang.Object, java.lang.Object, java.lang.Object, java.lang.Object, java.lang.Object, java.lang.Object, java.lang.Object, java.lang.Object, java.lang.Object, java.lang.Object)'> (0x00000
Event: 6.944 Thread 0x0000019d1dd1e000 Exception <a 'java/lang/NoSuchMethodError'{0x000000008c60c760}: 'java.lang.Object java.lang.invoke.DelegatingMethodHandle$Holder.delegate(java.lang.Object, java.lang.Object, java.lang.Object, java.lang.Object, java.lang.Object, java.lang.Object, java.lang.Object, java.lang.Object, java.lang.Object, java.lang.Object, java.lang.Object, java.lang.Object, java.lang.Object, java.lang.Object, java.lang.Object, java.lang.Object, java.lang.Object, java.lang.Object, java.lang.Object, java.lang.Object, java.lang.Obj
Event: 6.949 Thread 0x0000019d1dd1e000 Exception <a 'java/lang/NoSuchMethodError'{0x000000008c655470}: 'java.lang.Object java.lang.invoke.DirectMethodHandle$Holder.invokeStatic(java.lang.Object, java.lang.Object, java.lang.Object, java.lang.Object, java.lang.Object, java.lang.Object, java.lang.Object, java.lang.Object, java.lang.Object, java.lang.Object, java.lang.Object, java.lang.Object, java.lang.Object, java.lang.Object, java.lang.Object)'> (0x000000008c655470) thrown at [src/hotspot/share/interpreter/linkResolver.cpp, line 773]
Event: 6.951 Thread 0x0000019d1dd1e000 Exception <a 'java/lang/NoSuchMethodError'{0x000000008c665d50}: 'java.lang.Object java.lang.invoke.DirectMethodHandle$Holder.invokeStatic(java.lang.Object, java.lang.Object, java.lang.Object, java.lang.Object, java.lang.Object, java.lang.Object, java.lang.Object, java.lang.Object, java.lang.Object, java.lang.Object, java.lang.Object, java.lang.Object, java.lang.Object, java.lang.Object, java.lang.Object, java.lang.Object)'> (0x000000008c665d50) thrown at [src/hotspot/share/interpreter/linkResolver.cpp, lin
Event: 6.952 Thread 0x0000019d1dd1e000 Exception <a 'java/lang/NoSuchMethodError'{0x000000008c676540}: 'java.lang.Object java.lang.invoke.DelegatingMethodHandle$Holder.reinvoke_L(java.lang.Object, java.lang.Object, java.lang.Object, java.lang.Object, java.lang.Object, java.lang.Object, java.lang.Object, java.lang.Object, java.lang.Object, java.lang.Object, java.lang.Object, java.lang.Object, java.lang.Object, java.lang.Object, java.lang.Object, java.lang.Object, java.lang.Object, java.lang.Object, java.lang.Object, java.lang.Object)'> (0x000000
Event: 7.639 Thread 0x0000019d1dd1e000 Exception <a 'java/lang/NoSuchMethodError'{0x00000000894b2cd8}: 'long java.lang.invoke.DirectMethodHandle$Holder.invokeVirtual(java.lang.Object, java.lang.Object)'> (0x00000000894b2cd8) thrown at [src/hotspot/share/interpreter/linkResolver.cpp, line 773]
Event: 7.644 Thread 0x0000019d1d807800 Exception <a 'java/lang/NoSuchMethodError'{0x000000008fd88f28}: <clinit>> (0x000000008fd88f28) thrown at [src/hotspot/share/prims/jni.cpp, line 1367]
Event: 7.651 Thread 0x0000019d1d807800 Exception <a 'java/lang/NoSuchMethodError'{0x000000008930ef40}: <clinit>> (0x000000008930ef40) thrown at [src/hotspot/share/prims/jni.cpp, line 1367]
Event: 7.652 Thread 0x0000019d1d807800 Exception <a 'java/lang/NoSuchMethodError'{0x0000000089310050}: <clinit>> (0x0000000089310050) thrown at [src/hotspot/share/prims/jni.cpp, line 1367]
Event: 7.652 Thread 0x0000019d1d807800 Exception <a 'java/lang/NoSuchMethodError'{0x0000000089311358}: <clinit>> (0x0000000089311358) thrown at [src/hotspot/share/prims/jni.cpp, line 1367]
Event: 7.652 Thread 0x0000019d1d807800 Exception <a 'java/lang/NoSuchMethodError'{0x0000000089312378}: <clinit>> (0x0000000089312378) thrown at [src/hotspot/share/prims/jni.cpp, line 1367]
Event: 7.655 Thread 0x0000019d1d807800 Exception <a 'java/lang/NoSuchMethodError'{0x00000000893246a8}: <clinit>> (0x00000000893246a8) thrown at [src/hotspot/share/prims/jni.cpp, line 1367]
Event: 7.657 Thread 0x0000019d1d807800 Exception <a 'java/lang/NoSuchMethodError'{0x000000008932ebd0}: <clinit>> (0x000000008932ebd0) thrown at [src/hotspot/share/prims/jni.cpp, line 1367]
Event: 7.661 Thread 0x0000019d1d807800 Exception <a 'java/lang/NoSuchMethodError'{0x00000000893422d0}: <clinit>> (0x00000000893422d0) thrown at [src/hotspot/share/prims/jni.cpp, line 1367]
Event: 7.674 Thread 0x0000019d1dd1e000 Exception <a 'java/lang/ClassNotFoundException'{0x00000000893acbe8}: build_e9rnikdr7qdhecg370yhjcnkzBeanInfo> (0x00000000893acbe8) thrown at [src/hotspot/share/classfile/systemDictionary.cpp, line 230]
Event: 7.675 Thread 0x0000019d1dd1e000 Exception <a 'java/lang/ClassNotFoundException'{0x00000000893b8c48}: build_e9rnikdr7qdhecg370yhjcnkzCustomizer> (0x00000000893b8c48) thrown at [src/hotspot/share/classfile/systemDictionary.cpp, line 230]

Events (20 events):
Event: 7.678 loading class groovy/runtime/metaclass/build_e9rnikdr7qdhecg370yhjcnkz$_run_closure1MetaClass
Event: 7.678 loading class groovy/runtime/metaclass/build_e9rnikdr7qdhecg370yhjcnkz$_run_closure1MetaClass done
Event: 7.686 loading class org/gradle/plugin/use/resolve/internal/ClassPathPluginResolution
Event: 7.686 loading class org/gradle/plugin/use/resolve/internal/ClassPathPluginResolution done
Event: 7.696 loading class com/android/build/gradle/AppPlugin
Event: 7.696 loading class com/android/build/gradle/AppPlugin done
Event: 7.697 loading class com/android/build/gradle/BasePlugin
Event: 7.697 loading class com/android/build/gradle/BasePlugin done
Event: 7.697 loading class org/gradle/api/Plugin
Event: 7.697 loading class org/gradle/api/Plugin done
Event: 7.698 loading class org/gradle/plugin/use/internal/DefaultPluginRequestApplicator$Result
Event: 7.698 loading class org/gradle/plugin/use/internal/DefaultPluginRequestApplicator$Result done
Event: 7.698 loading class org/gradle/plugin/use/internal/DefaultPluginRequestApplicator$1$1
Event: 7.698 loading class org/gradle/plugin/use/internal/DefaultPluginRequestApplicator$1$1 done
Event: 7.700 loading class com/google/gms/googleservices/GoogleServicesPlugin
Event: 7.700 loading class com/google/gms/googleservices/GoogleServicesPlugin done
Event: 7.702 loading class com/google/gms/googleservices/GoogleServicesPlugin$GoogleServicesPluginConfig
Event: 7.702 loading class com/google/gms/googleservices/GoogleServicesPlugin$GoogleServicesPluginConfig done
Event: 7.703 loading class com/google/gms/googleservices/GoogleServicesPlugin$PluginType
Event: 7.703 loading class com/google/gms/googleservices/GoogleServicesPlugin$PluginType done


Dynamic libraries:
0x00007ff7652e0000 - 0x00007ff7652ea000 	C:\Program Files\Android\Android Studio\jbr\bin\java.exe
0x00007fffd51b0000 - 0x00007fffd53a8000 	C:\WINDOWS\SYSTEM32\ntdll.dll
0x00007fffd42b0000 - 0x00007fffd436f000 	C:\WINDOWS\System32\KERNEL32.DLL
0x00007fffd2df0000 - 0x00007fffd30e6000 	C:\WINDOWS\System32\KERNELBASE.dll
0x00007fffd2cf0000 - 0x00007fffd2df0000 	C:\WINDOWS\System32\ucrtbase.dll
0x00007fffcaf30000 - 0x00007fffcaf47000 	C:\Program Files\Android\Android Studio\jbr\bin\jli.dll
0x00007fffcaf50000 - 0x00007fffcaf6b000 	C:\Program Files\Android\Android Studio\jbr\bin\VCRUNTIME140.dll
0x00007fffd4fd0000 - 0x00007fffd516d000 	C:\WINDOWS\System32\USER32.dll
0x00007fffbff20000 - 0x00007fffc01ba000 	C:\WINDOWS\WinSxS\amd64_microsoft.windows.common-controls_6595b64144ccf1df_6.0.19041.1110_none_60b5254171f9507e\COMCTL32.dll
0x00007fffd3570000 - 0x00007fffd360e000 	C:\WINDOWS\System32\msvcrt.dll
0x00007fffd29d0000 - 0x00007fffd29f2000 	C:\WINDOWS\System32\win32u.dll
0x00007fffd43e0000 - 0x00007fffd440c000 	C:\WINDOWS\System32\GDI32.dll
0x00007fffd30f0000 - 0x00007fffd3205000 	C:\WINDOWS\System32\gdi32full.dll
0x00007fffd2930000 - 0x00007fffd29cd000 	C:\WINDOWS\System32\msvcp_win.dll
0x00007fffd4120000 - 0x00007fffd4150000 	C:\WINDOWS\System32\IMM32.DLL
0x00007fffcaf20000 - 0x00007fffcaf2c000 	C:\Program Files\Android\Android Studio\jbr\bin\vcruntime140_1.dll
0x00007fffa5150000 - 0x00007fffa51dd000 	C:\Program Files\Android\Android Studio\jbr\bin\msvcp140.dll
0x00007fff679b0000 - 0x00007fff6856c000 	C:\Program Files\Android\Android Studio\jbr\bin\server\jvm.dll
0x00007fffd4640000 - 0x00007fffd46ef000 	C:\WINDOWS\System32\ADVAPI32.dll
0x00007fffd4410000 - 0x00007fffd44ac000 	C:\WINDOWS\System32\sechost.dll
0x00007fffd46f0000 - 0x00007fffd4816000 	C:\WINDOWS\System32\RPCRT4.dll
0x00007fffd4150000 - 0x00007fffd4158000 	C:\WINDOWS\System32\PSAPI.DLL
0x00007fffb7a00000 - 0x00007fffb7a09000 	C:\WINDOWS\SYSTEM32\WSOCK32.dll
0x00007fffcbad0000 - 0x00007fffcbada000 	C:\WINDOWS\SYSTEM32\VERSION.dll
0x00007fffd3d60000 - 0x00007fffd3dcb000 	C:\WINDOWS\System32\WS2_32.dll
0x00007fffbf2b0000 - 0x00007fffbf2d7000 	C:\WINDOWS\SYSTEM32\WINMM.dll
0x00007fffd0700000 - 0x00007fffd0712000 	C:\WINDOWS\SYSTEM32\kernel.appcore.dll
0x00007fffcd130000 - 0x00007fffcd140000 	C:\Program Files\Android\Android Studio\jbr\bin\verify.dll
0x00007fffc8460000 - 0x00007fffc8644000 	C:\WINDOWS\SYSTEM32\DBGHELP.DLL
0x00007fffc80b0000 - 0x00007fffc80e4000 	C:\WINDOWS\SYSTEM32\dbgcore.DLL
0x00007fffd2c60000 - 0x00007fffd2ce2000 	C:\WINDOWS\System32\bcryptPrimitives.dll
0x00007fffcb4f0000 - 0x00007fffcb518000 	C:\Program Files\Android\Android Studio\jbr\bin\java.dll
0x00007fffcd020000 - 0x00007fffcd02a000 	C:\Program Files\Android\Android Studio\jbr\bin\jimage.dll
0x00007fffcaaa0000 - 0x00007fffcaab8000 	C:\Program Files\Android\Android Studio\jbr\bin\zip.dll
0x00007fffd3610000 - 0x00007fffd3d54000 	C:\WINDOWS\System32\SHELL32.dll
0x00007fffd0900000 - 0x00007fffd1093000 	C:\WINDOWS\SYSTEM32\windows.storage.dll
0x00007fffd3210000 - 0x00007fffd3564000 	C:\WINDOWS\System32\combase.dll
0x00007fffd22e0000 - 0x00007fffd230e000 	C:\WINDOWS\SYSTEM32\Wldp.dll
0x00007fffd4590000 - 0x00007fffd463d000 	C:\WINDOWS\System32\SHCORE.dll
0x00007fffd4380000 - 0x00007fffd43d5000 	C:\WINDOWS\System32\shlwapi.dll
0x00007fffd27d0000 - 0x00007fffd27ef000 	C:\WINDOWS\SYSTEM32\profapi.dll
0x00007fffcaa60000 - 0x00007fffcaa79000 	C:\Program Files\Android\Android Studio\jbr\bin\net.dll
0x00007fffc82f0000 - 0x00007fffc83fa000 	C:\WINDOWS\SYSTEM32\WINHTTP.dll
0x00007fffd2040000 - 0x00007fffd20aa000 	C:\WINDOWS\system32\mswsock.dll
0x00007fffcaa40000 - 0x00007fffcaa53000 	C:\Program Files\Android\Android Studio\jbr\bin\nio.dll
0x00007fffcb4c0000 - 0x00007fffcb4e7000 	C:\Users\tamgi\.gradle\native\e1d6ef7f7dcc3fd88c89a11ec53ec762bb8ba0a96d01ffa2cd45eb1d1d8dd5c5\windows-amd64\native-platform.dll
0x00007fff9cb50000 - 0x00007fff9cc94000 	C:\Users\tamgi\.gradle\native\0d407fdbe67a94daf76414ababcb853783967236a71b16ec16e742cd7a986fd3\windows-amd64\native-platform-file-events.dll
0x00007fffcd010000 - 0x00007fffcd01a000 	C:\Program Files\Android\Android Studio\jbr\bin\management.dll
0x00007fffccf20000 - 0x00007fffccf2b000 	C:\Program Files\Android\Android Studio\jbr\bin\management_ext.dll
0x00007fffd2230000 - 0x00007fffd2248000 	C:\WINDOWS\SYSTEM32\CRYPTSP.dll
0x00007fffd18c0000 - 0x00007fffd18f4000 	C:\WINDOWS\system32\rsaenh.dll
0x00007fffd2890000 - 0x00007fffd28b7000 	C:\WINDOWS\System32\bcrypt.dll
0x00007fffd2750000 - 0x00007fffd277e000 	C:\WINDOWS\SYSTEM32\USERENV.dll
0x00007fffd2250000 - 0x00007fffd225c000 	C:\WINDOWS\SYSTEM32\CRYPTBASE.dll
0x00007fffd1cc0000 - 0x00007fffd1cfc000 	C:\WINDOWS\SYSTEM32\IPHLPAPI.DLL
0x00007fffd40f0000 - 0x00007fffd40f8000 	C:\WINDOWS\System32\NSI.dll
0x00007fffc99b0000 - 0x00007fffc99c7000 	C:\WINDOWS\SYSTEM32\dhcpcsvc6.DLL
0x00007fffcb0a0000 - 0x00007fffcb0bd000 	C:\WINDOWS\SYSTEM32\dhcpcsvc.DLL
0x00007fffd1d30000 - 0x00007fffd1dfa000 	C:\WINDOWS\SYSTEM32\DNSAPI.dll

dbghelp: loaded successfully - version: 4.0.5 - missing functions: none
symbol engine: initialized successfully - sym options: 0x614 - pdb path: .;C:\Program Files\Android\Android Studio\jbr\bin;C:\WINDOWS\SYSTEM32;C:\WINDOWS\WinSxS\amd64_microsoft.windows.common-controls_6595b64144ccf1df_6.0.19041.1110_none_60b5254171f9507e;C:\Program Files\Android\Android Studio\jbr\bin\server;C:\Users\tamgi\.gradle\native\e1d6ef7f7dcc3fd88c89a11ec53ec762bb8ba0a96d01ffa2cd45eb1d1d8dd5c5\windows-amd64;C:\Users\tamgi\.gradle\native\0d407fdbe67a94daf76414ababcb853783967236a71b16ec16e742cd7a986fd3\windows-amd64

VM Arguments:
jvm_args: --add-opens=java.base/java.util=ALL-UNNAMED --add-opens=java.base/java.lang=ALL-UNNAMED --add-opens=java.base/java.lang.invoke=ALL-UNNAMED --add-opens=java.base/java.util=ALL-UNNAMED --add-opens=java.prefs/java.util.prefs=ALL-UNNAMED --add-opens=java.prefs/java.util.prefs=ALL-UNNAMED --add-opens=java.base/java.nio.charset=ALL-UNNAMED --add-opens=java.base/java.net=ALL-UNNAMED --add-opens=java.base/java.util.concurrent.atomic=ALL-UNNAMED -Xmx2048m -Dfile.encoding=UTF-8 -Duser.country=US -Duser.language=en -Duser.variant 
java_command: org.gradle.launcher.daemon.bootstrap.GradleDaemon 7.5
java_class_path (initial): C:\Users\tamgi\.gradle\wrapper\dists\gradle-7.5-bin\f1w0cc9nuo0eivz97x2xlu9sv\gradle-7.5\lib\gradle-launcher-7.5.jar
Launcher Type: SUN_STANDARD

[Global flags]
     intx CICompilerCount                          = 4                                         {product} {ergonomic}
     uint ConcGCThreads                            = 2                                         {product} {ergonomic}
     uint G1ConcRefinementThreads                  = 8                                         {product} {ergonomic}
   size_t G1HeapRegionSize                         = 1048576                                   {product} {ergonomic}
    uintx GCDrainStackTargetSize                   = 64                                        {product} {ergonomic}
   size_t InitialHeapSize                          = 266338304                                 {product} {ergonomic}
   size_t MarkStackSize                            = 4194304                                   {product} {ergonomic}
   size_t MaxHeapSize                              = 2147483648                                {product} {command line}
   size_t MaxNewSize                               = 1287651328                                {product} {ergonomic}
   size_t MinHeapDeltaBytes                        = 1048576                                   {product} {ergonomic}
    uintx NonNMethodCodeHeapSize                   = 5836300                                {pd product} {ergonomic}
    uintx NonProfiledCodeHeapSize                  = 122910970                              {pd product} {ergonomic}
    uintx ProfiledCodeHeapSize                     = 122910970                              {pd product} {ergonomic}
    uintx ReservedCodeCacheSize                    = 251658240                              {pd product} {ergonomic}
     bool SegmentedCodeCache                       = true                                      {product} {ergonomic}
     bool UseCompressedClassPointers               = true                                 {lp64_product} {ergonomic}
     bool UseCompressedOops                        = true                                 {lp64_product} {ergonomic}
     bool UseG1GC                                  = true                                      {product} {ergonomic}
     bool UseLargePagesIndividualAllocation        = false                                  {pd product} {ergonomic}

Logging:
Log output configuration:
 #0: stdout all=warning uptime,level,tags
 #1: stderr all=off uptime,level,tags

Environment Variables:
JAVA_HOME=C:\Program Files\Microsoft\jdk-17.0.4.101-hotspot\
PATH=C:\Program Files\Eclipse Foundation\jdk-8.0.302.8-hotspot\bin;C:\Program Files\NVIDIA GPU Computing Toolkit\CUDA\v11.8\bin;C:\Program Files\NVIDIA GPU Computing Toolkit\CUDA\v11.8\libnvvp;C:\ProgramData\Oracle\Java\javapath;C:\Program Files\Microsoft\jdk-17.0.4.101-hotspot\bin;C:\Program Files\Microsoft\jdk-11.0.12.7-hotspot\bin;C:\VulkanSDK\1.3.224.1\Bin;C:\WINDOWS\system32;C:\WINDOWS;C:\WINDOWS\System32\Wbem;C:\WINDOWS\System32\WindowsPowerShell\v1.0\;C:\WINDOWS\System32\OpenSSH\;C:\Program Files\Microsoft SQL Server\150\Tools\Binn\;C:\Program Files\CMake\bin;C:\Program Files\Microsoft SQL Server\Client SDK\ODBC\170\Tools\Binn\;C:\Program Files\Git\cmd;C:\msys64\mingw64\bin;C:\Program Files\Git LFS;C:\Program Files\dotnet\;C:\ProgramData\chocolatey\bin;C:\Program Files\nodejs\;C:\nvim\bin;C:\Users\tamgi\AppData\Local\Programs\Python\Python310\Scripts\;C:\Users\tamgi\AppData\Local\Programs\Python\Python310\;C:\Program Files (x86)\Lua\5.1;C:\Program Files (x86)\Lua\5.1\clibs;C:\Android\build-tools;C:\Android\platform-tools;C:\Android\tools\bin;C:\Program Files\NVIDIA Corporation\Nsight Compute 2022.3.0\;C:\Program Files (x86)\NVIDIA Corporation\PhysX\Common;C:\Program Files\NVIDIA Corporation\NVIDIA NvDLISR;C:\Program Files\Neovim\bin;C:\Program Files\Meld\;C:\Panda3D\bin;C:\Program Files (x86)\PuTTY\;C:\msys64\ucrt64\bin;C:\Program Files\Conan\conan;C:\Program Files\MySQL\MySQL Shell 8.0\bin\;C:\Users\tamgi\AppData\Local\Microsoft\WindowsApps;C:\Users\tamgi\AppData\Local\Programs\Microsoft VS Code\bin;C:\Users\tamgi\AppData\Roaming\npm;C:\Program Files\JetBrains\PyCharm Community Edition 2022.2.1\bin;;C:\Program Files\JetBrains\IntelliJ IDEA Community Edition 2022.2.3\bin;;C:\Panda3D\python;C:\Panda3D\python\Scripts;C:\Panda3D\bin;C:\Users\tamgi\.dotnet\tools;C:\texlive\2022\bin\win32;C:\Users\tamgi\AppData\Local\Programs\Fiddler
USERNAME=tamgi
OS=Windows_NT
PROCESSOR_IDENTIFIER=Intel64 Family 6 Model 158 Stepping 9, GenuineIntel



---------------  S Y S T E M  ---------------

OS: Windows 10 , 64 bit Build 19041 (10.0.19041.3031)
OS uptime: 4 days 2:41 hours
Hyper-V role detected

CPU:total 8 (initial active 8) (4 cores per cpu, 2 threads per core) family 6 model 158 stepping 9 microcode 0xc6, cmov, cx8, fxsr, mmx, sse, sse2, sse3, ssse3, sse4.1, sse4.2, popcnt, avx, avx2, aes, clmul, erms, 3dnowpref, lzcnt, ht, tsc, tscinvbit, bmi1, bmi2, adx, fma

Memory: 4k page, system-wide physical 16250M (3012M free)
TotalPageFile size 18298M (AvailPageFile size 0M)
current process WorkingSet (physical memory assigned to process): 333M, peak: 333M
current process commit charge ("private bytes"): 475M, peak: 475M

vm_info: OpenJDK 64-Bit Server VM (11.0.15+0-b2043.56-9505619) for windows-amd64 JRE (11.0.15+0-b2043.56-9505619), built on Jan 19 2023 02:48:00 by "builduser" with unknown MS VC++:1929

END.
